User belongs to experiment group 'ShowPlayIcon - start'
User belongs to experiment group 'ShowExtensionSurveyPrompt - control'
User belongs to experiment group 'DebugAdapterFactory - experiment'
User belongs to experiment group 'PtvsdWheels37 - experiment'
User belongs to experiment group 'UseTerminalToGetActivatedEnvVars - control'
User belongs to experiment group 'LocalZMQKernel - experiment'
User belongs to experiment group 'CollectLSRequestTiming - control'
User belongs to experiment group 'CollectNodeLSRequestTiming - experiment'
User belongs to experiment group 'EnableIPyWidgets - experiment'
User belongs to experiment group 'RunByLine - experiment'
User belongs to experiment group 'CustomEditorSupport - control'
User belongs to experiment group 'pythonaacf'
User belongs to experiment group 'pythonSendEntireLineToREPL'
User belongs to experiment group 'pythonNotDisplayLinterPrompt'
> conda --version
> conda info --json
> python ~/.vscode-oss/extensions/ms-python.python-2020.10.332292344/pythonFiles/pyvsc-run-isolated.py -c "import sys;print(sys.executable)"
> python ~/.vscode-oss/extensions/ms-python.python-2020.10.332292344/pythonFiles/pyvsc-run-isolated.py -c "import sys;print(sys.executable)"
> python3.6 ~/.vscode-oss/extensions/ms-python.python-2020.10.332292344/pythonFiles/pyvsc-run-isolated.py -c "import sys;print(sys.executable)"
> python3.7 ~/.vscode-oss/extensions/ms-python.python-2020.10.332292344/pythonFiles/pyvsc-run-isolated.py -c "import sys;print(sys.executable)"
> pyenv root
> python3 ~/.vscode-oss/extensions/ms-python.python-2020.10.332292344/pythonFiles/pyvsc-run-isolated.py -c "import sys;print(sys.executable)"
> python2 ~/.vscode-oss/extensions/ms-python.python-2020.10.332292344/pythonFiles/pyvsc-run-isolated.py -c "import sys;print(sys.executable)"
> python ~/.vscode-oss/extensions/ms-python.python-2020.10.332292344/pythonFiles/pyvsc-run-isolated.py -c "import sys;print(sys.executable)"
> python ~/.vscode-oss/extensions/ms-python.python-2020.10.332292344/pythonFiles/pyvsc-run-isolated.py -c "import sys;print(sys.executable)"
> pyenv root
> /usr/bin/python ~/.vscode-oss/extensions/ms-python.python-2020.10.332292344/pythonFiles/pyvsc-run-isolated.py -c "import jupyter"
> /usr/bin/python ~/.vscode-oss/extensions/ms-python.python-2020.10.332292344/pythonFiles/pyvsc-run-isolated.py -c "import jupyter"
> /usr/bin/python ~/.vscode-oss/extensions/ms-python.python-2020.10.332292344/pythonFiles/pyvsc-run-isolated.py -c "import notebook"
> /usr/bin/python ~/.vscode-oss/extensions/ms-python.python-2020.10.332292344/pythonFiles/pyvsc-run-isolated.py -c "import notebook"
Error 2021-01-18 12:19:54: Failed to check if file needs to be fixed [EntryNotFound (FileSystemError): Unable to read file '/home/devin/.config/Code/User/settings.json' (EntryNotFound (FileSystemError): Error: ENOENT: no such file or directory, open '/home/devin/.config/Code/User/settings.json')
	at _handleError (/usr/lib/code/out/vs/workbench/services/extensions/node/extensionHostProcess.js:745:473)
	at processTicksAndRejections (internal/process/task_queues.js:94:5)
	at async y.readText (/home/devin/.vscode-oss/extensions/ms-python.python-2020.10.332292344/out/client/extension.js:9:168994)
	at async p.doesFileNeedToBeFixed (/home/devin/.vscode-oss/extensions/ms-python.python-2020.10.332292344/out/client/extension.js:56:963651)
	at async /home/devin/.vscode-oss/extensions/ms-python.python-2020.10.332292344/out/client/extension.js:56:962778
	at async Promise.all (index 0)
	at async p.getFilesToBeFixed (/home/devin/.vscode-oss/extensions/ms-python.python-2020.10.332292344/out/client/extension.js:56:962724)
	at async p.updateTestSettings (/home/devin/.vscode-oss/extensions/ms-python.python-2020.10.332292344/out/client/extension.js:56:962351)] {
  code: 'FileNotFound',
  name: 'EntryNotFound (FileSystemError)'
}
Starting Jedi Python language engine.
Python interpreter path: ./venv/bin/python3.9
Error 2021-01-18 12:19:55: Python Extension: interpreterManager.refresh [Error: [ms-python.python]: Proposed API is only available when running out of dev or with the following command line switch: --enable-proposed-api ms-python.python
	at a (/usr/lib/code/out/vs/workbench/services/extensions/node/extensionHostProcess.js:672:99)
	at Object.t.checkProposedApiEnabled (/usr/lib/code/out/vs/workbench/services/extensions/node/extensionHostProcess.js:672:567)
	at Object.get activeNotebookEditor [as activeNotebookEditor] (/usr/lib/code/out/vs/workbench/services/extensions/node/extensionHostProcess.js:1036:521)
	at u.get activeNotebookEditor [as activeNotebookEditor] (/home/devin/.vscode-oss/extensions/ms-python.python-2020.10.332292344/out/client/extension.js:56:1203223)
	at u.get hidden [as hidden] (/home/devin/.vscode-oss/extensions/ms-python.python-2020.10.332292344/out/client/extension.js:56:647038)
	at /home/devin/.vscode-oss/extensions/ms-python.python-2020.10.332292344/out/client/extension.js:56:846357
	at Array.every (<anonymous>)
	at g.updateVisibility (/home/devin/.vscode-oss/extensions/ms-python.python-2020.10.332292344/out/client/extension.js:56:846345)
	at g.updateDisplay (/home/devin/.vscode-oss/extensions/ms-python.python-2020.10.332292344/out/client/extension.js:56:846218)
	at async g.refresh (/home/devin/.vscode-oss/extensions/ms-python.python-2020.10.332292344/out/client/extension.js:56:845171)]
> ~/Projects/dairyserver/venv/bin/python3.9 ~/.vscode-oss/extensions/ms-python.python-2020.10.332292344/pythonFiles/pyvsc-run-isolated.py flake8 --format=%(row)d,%(col)d,%(code).1s,%(code)s:%(text)s ~/Projects/dairyserver/app/processing.py
cwd: ~/Projects/dairyserver
> ~/Projects/dairyserver/venv/bin/python3.9 ~/.vscode-oss/extensions/ms-python.python-2020.10.332292344/pythonFiles/pyvsc-run-isolated.py flake8 --format=%(row)d,%(col)d,%(code).1s,%(code)s:%(text)s ~/Projects/dairyserver/app/processing.py
cwd: ~/Projects/dairyserver
##########Linting Output - flake8##########
> ~/Projects/dairyserver/venv/bin/python3.9 ~/.vscode-oss/extensions/ms-python.python-2020.10.332292344/pythonFiles/pyvsc-run-isolated.py -c "import sys;print(sys.prefix)"
cwd: ~/Projects/dairyserver
> ~/Projects/dairyserver/venv/bin/python3.9 ~/.vscode-oss/extensions/ms-python.python-2020.10.332292344/pythonFiles/pyvsc-run-isolated.py -c "import sys;print(sys.prefix)"
cwd: ~/Projects/dairyserver
> ~/Projects/dairyserver/venv/bin/python3.9 ~/.vscode-oss/extensions/ms-python.python-2020.10.332292344/pythonFiles/pyvsc-run-isolated.py -c "import sys;print(sys.executable)"
cwd: ~/Projects/dairyserver
> ~/Projects/dairyserver/venv/bin/python3.9 ~/.vscode-oss/extensions/ms-python.python-2020.10.332292344/pythonFiles/pyvsc-run-isolated.py -c "import sys;print(sys.executable)"
cwd: ~/Projects/dairyserver
> ~/Projects/dairyserver/venv/bin/python3.9 ~/.vscode-oss/extensions/ms-python.python-2020.10.332292344/pythonFiles/pyvsc-run-isolated.py -c "from distutils.sysconfig import get_python_lib; print(get_python_lib())"
cwd: ~/Projects/dairyserver
> ~/Projects/dairyserver/venv/bin/python3.9 ~/.vscode-oss/extensions/ms-python.python-2020.10.332292344/pythonFiles/pyvsc-run-isolated.py -c "from distutils.sysconfig import get_python_lib; print(get_python_lib())"
cwd: ~/Projects/dairyserver
> ~/Projects/dairyserver/venv/bin/python3.9 ~/.vscode-oss/extensions/ms-python.python-2020.10.332292344/pythonFiles/pyvsc-run-isolated.py site --user-site
cwd: ~/Projects/dairyserver
> ~/Projects/dairyserver/venv/bin/python3.9 ~/.vscode-oss/extensions/ms-python.python-2020.10.332292344/pythonFiles/pyvsc-run-isolated.py site --user-site
cwd: ~/Projects/dairyserver
> ~/Projects/dairyserver/venv/bin/python3.9 ~/.vscode-oss/extensions/ms-python.python-2020.10.332292344/pythonFiles/pyvsc-run-isolated.py ~/.vscode-oss/extensions/ms-python.python-2020.10.332292344/pythonFiles/completion.py
> ~/Projects/dairyserver/venv/bin/python3.9 ~/.vscode-oss/extensions/ms-python.python-2020.10.332292344/pythonFiles/pyvsc-run-isolated.py ~/.vscode-oss/extensions/ms-python.python-2020.10.332292344/pythonFiles/completion.py
Error 2021-01-18 12:19:56: stderr jediProxy Error (stderr) /home/devin/.vscode-oss/extensions/ms-python.python-2020.10.332292344/pythonFiles/completion.py:584: DeprecationWarning: Deprecated since version 0.16.0. Use Script(...).get_names instead.
  jedi.api.names(

> conda --version
> ~/Projects/dairyserver/venv/bin/python3.9 ~/.vscode-oss/extensions/ms-python.python-2020.10.332292344/pythonFiles/pyvsc-run-isolated.py flake8 --format=%(row)d,%(col)d,%(code).1s,%(code)s:%(text)s ~/Projects/dairyserver/app/util.py
cwd: ~/Projects/dairyserver
> ~/Projects/dairyserver/venv/bin/python3.9 ~/.vscode-oss/extensions/ms-python.python-2020.10.332292344/pythonFiles/pyvsc-run-isolated.py flake8 --format=%(row)d,%(col)d,%(code).1s,%(code)s:%(text)s ~/Projects/dairyserver/app/util.py
cwd: ~/Projects/dairyserver
##########Linting Output - flake8##########
> ~/Projects/dairyserver/venv/bin/python3.9 ~/.vscode-oss/extensions/ms-python.python-2020.10.332292344/pythonFiles/pyvsc-run-isolated.py flake8 --format=%(row)d,%(col)d,%(code).1s,%(code)s:%(text)s ~/Projects/dairyserver/app/auth.py
cwd: ~/Projects/dairyserver
> ~/Projects/dairyserver/venv/bin/python3.9 ~/.vscode-oss/extensions/ms-python.python-2020.10.332292344/pythonFiles/pyvsc-run-isolated.py flake8 --format=%(row)d,%(col)d,%(code).1s,%(code)s:%(text)s ~/Projects/dairyserver/app/auth.py
cwd: ~/Projects/dairyserver
##########Linting Output - flake8##########
Error 2021-01-18 14:04:27: stderr jediProxy Error (stderr) /home/devin/.vscode-oss/extensions/ms-python.python-2020.10.332292344/pythonFiles/completion.py:584: DeprecationWarning: Deprecated since version 0.16.0. Use Script(...).get_names instead.
  jedi.api.names(

Error 2021-01-18 14:04:45: stderr jediProxy Error (stderr) /home/devin/.vscode-oss/extensions/ms-python.python-2020.10.332292344/pythonFiles/completion.py:592: DeprecationWarning: Providing the line is now done in the functions themselves like `Script(...).complete(line, column)`
  script = jedi.Script(
/home/devin/.vscode-oss/extensions/ms-python.python-2020.10.332292344/pythonFiles/completion.py:592: DeprecationWarning: Providing the column is now done in the functions themselves like `Script(...).complete(line, column)`
  script = jedi.Script(
/home/devin/.vscode-oss/extensions/ms-python.python-2020.10.332292344/pythonFiles/completion.py:592: DeprecationWarning: Deprecated since version 0.17.0. Use the project API instead, which means Script(project=Project(dir, sys_path=sys_path)) instead.
  script = jedi.Script(
/home/devin/.vscode-oss/extensions/ms-python.python-2020.10.332292344/pythonFiles/completion.py:626: DeprecationWarning: Deprecated since version 0.16.0. Use Script(...).infer instead.
  script.goto_definitions(), request["id"]

Error 2021-01-18 14:04:45: stderr jediProxy Error (stderr) /home/devin/.vscode-oss/extensions/ms-python.python-2020.10.332292344/pythonFiles/completion.py:584: DeprecationWarning: Deprecated since version 0.16.0. Use Script(...).get_names instead.
  jedi.api.names(

Error 2021-01-18 14:04:51: stderr jediProxy Error (stderr) /home/devin/.vscode-oss/extensions/ms-python.python-2020.10.332292344/pythonFiles/completion.py:584: DeprecationWarning: Deprecated since version 0.16.0. Use Script(...).get_names instead.
  jedi.api.names(

> ~/Projects/dairyserver/venv/bin/python3.9 ~/.vscode-oss/extensions/ms-python.python-2020.10.332292344/pythonFiles/pyvsc-run-isolated.py flake8 --format=%(row)d,%(col)d,%(code).1s,%(code)s:%(text)s ~/Projects/dairyserver/app/auth.py
cwd: ~/Projects/dairyserver
> ~/Projects/dairyserver/venv/bin/python3.9 ~/.vscode-oss/extensions/ms-python.python-2020.10.332292344/pythonFiles/pyvsc-run-isolated.py flake8 --format=%(row)d,%(col)d,%(code).1s,%(code)s:%(text)s ~/Projects/dairyserver/app/auth.py
cwd: ~/Projects/dairyserver
##########Linting Output - flake8##########
Error 2021-01-18 14:22:15: stderr jediProxy Error (stderr) /home/devin/.vscode-oss/extensions/ms-python.python-2020.10.332292344/pythonFiles/completion.py:584: DeprecationWarning: Deprecated since version 0.16.0. Use Script(...).get_names instead.
  jedi.api.names(

> ~/Projects/dairyserver/venv/bin/python3.9 ~/.vscode-oss/extensions/ms-python.python-2020.10.332292344/pythonFiles/pyvsc-run-isolated.py flake8 --format=%(row)d,%(col)d,%(code).1s,%(code)s:%(text)s ~/Projects/dairyserver/app/util.py
cwd: ~/Projects/dairyserver
> ~/Projects/dairyserver/venv/bin/python3.9 ~/.vscode-oss/extensions/ms-python.python-2020.10.332292344/pythonFiles/pyvsc-run-isolated.py flake8 --format=%(row)d,%(col)d,%(code).1s,%(code)s:%(text)s ~/Projects/dairyserver/app/util.py
cwd: ~/Projects/dairyserver
##########Linting Output - flake8##########
Error 2021-01-18 14:22:32: stderr jediProxy Error (stderr) /home/devin/.vscode-oss/extensions/ms-python.python-2020.10.332292344/pythonFiles/completion.py:584: DeprecationWarning: Deprecated since version 0.16.0. Use Script(...).get_names instead.
  jedi.api.names(

> ~/Projects/dairyserver/venv/bin/python3.9 ~/.vscode-oss/extensions/ms-python.python-2020.10.332292344/pythonFiles/pyvsc-run-isolated.py flake8 --format=%(row)d,%(col)d,%(code).1s,%(code)s:%(text)s ~/Projects/dairyserver/app/auth.py
cwd: ~/Projects/dairyserver
> ~/Projects/dairyserver/venv/bin/python3.9 ~/.vscode-oss/extensions/ms-python.python-2020.10.332292344/pythonFiles/pyvsc-run-isolated.py flake8 --format=%(row)d,%(col)d,%(code).1s,%(code)s:%(text)s ~/Projects/dairyserver/app/auth.py
cwd: ~/Projects/dairyserver
##########Linting Output - flake8##########
Error 2021-01-18 14:22:48: stderr jediProxy Error (stderr) /home/devin/.vscode-oss/extensions/ms-python.python-2020.10.332292344/pythonFiles/completion.py:584: DeprecationWarning: Deprecated since version 0.16.0. Use Script(...).get_names instead.
  jedi.api.names(

Error 2021-01-18 14:22:55: stderr jediProxy Error (stderr) /home/devin/.vscode-oss/extensions/ms-python.python-2020.10.332292344/pythonFiles/completion.py:592: DeprecationWarning: Providing the line is now done in the functions themselves like `Script(...).complete(line, column)`
  script = jedi.Script(

Error 2021-01-18 14:22:55: stderr jediProxy Error (stderr) /home/devin/.vscode-oss/extensions/ms-python.python-2020.10.332292344/pythonFiles/completion.py:592: DeprecationWarning: Providing the column is now done in the functions themselves like `Script(...).complete(line, column)`
  script = jedi.Script(
/home/devin/.vscode-oss/extensions/ms-python.python-2020.10.332292344/pythonFiles/completion.py:592: DeprecationWarning: Deprecated since version 0.17.0. Use the project API instead, which means Script(project=Project(dir, sys_path=sys_path)) instead.
  script = jedi.Script(

Error 2021-01-18 14:22:55: stderr jediProxy Error (stderr) /home/devin/.vscode-oss/extensions/ms-python.python-2020.10.332292344/pythonFiles/completion.py:626: DeprecationWarning: Deprecated since version 0.16.0. Use Script(...).infer instead.
  script.goto_definitions(), request["id"]

Error 2021-01-18 14:22:55: stderr jediProxy Error (stderr) /home/devin/.vscode-oss/extensions/ms-python.python-2020.10.332292344/pythonFiles/completion.py:584: DeprecationWarning: Deprecated since version 0.16.0. Use Script(...).get_names instead.
  jedi.api.names(

> ~/Projects/dairyserver/venv/bin/python3.9 ~/.vscode-oss/extensions/ms-python.python-2020.10.332292344/pythonFiles/pyvsc-run-isolated.py flake8 --format=%(row)d,%(col)d,%(code).1s,%(code)s:%(text)s ~/Projects/dairyserver/app/auth.py
cwd: ~/Projects/dairyserver
> ~/Projects/dairyserver/venv/bin/python3.9 ~/.vscode-oss/extensions/ms-python.python-2020.10.332292344/pythonFiles/pyvsc-run-isolated.py flake8 --format=%(row)d,%(col)d,%(code).1s,%(code)s:%(text)s ~/Projects/dairyserver/app/auth.py
cwd: ~/Projects/dairyserver
##########Linting Output - flake8##########
> ~/Projects/dairyserver/venv/bin/python3.9 ~/.vscode-oss/extensions/ms-python.python-2020.10.332292344/pythonFiles/pyvsc-run-isolated.py flake8 --format=%(row)d,%(col)d,%(code).1s,%(code)s:%(text)s ~/Projects/dairyserver/app/auth.py
cwd: ~/Projects/dairyserver
> ~/Projects/dairyserver/venv/bin/python3.9 ~/.vscode-oss/extensions/ms-python.python-2020.10.332292344/pythonFiles/pyvsc-run-isolated.py flake8 --format=%(row)d,%(col)d,%(code).1s,%(code)s:%(text)s ~/Projects/dairyserver/app/auth.py
cwd: ~/Projects/dairyserver
##########Linting Output - flake8##########
21,33,E,E999:SyntaxError: invalid syntax
Error 2021-01-18 14:23:11: stderr jediProxy Error (stderr) /home/devin/.vscode-oss/extensions/ms-python.python-2020.10.332292344/pythonFiles/completion.py:592: DeprecationWarning: Providing the line is now done in the functions themselves like `Script(...).complete(line, column)`
  script = jedi.Script(
/home/devin/.vscode-oss/extensions/ms-python.python-2020.10.332292344/pythonFiles/completion.py:592: DeprecationWarning: Providing the column is now done in the functions themselves like `Script(...).complete(line, column)`
  script = jedi.Script(

Error 2021-01-18 14:23:11: stderr jediProxy Error (stderr) /home/devin/.vscode-oss/extensions/ms-python.python-2020.10.332292344/pythonFiles/completion.py:592: DeprecationWarning: Deprecated since version 0.17.0. Use the project API instead, which means Script(project=Project(dir, sys_path=sys_path)) instead.
  script = jedi.Script(

Error 2021-01-18 14:23:11: stderr jediProxy Error (stderr) /home/devin/.vscode-oss/extensions/ms-python.python-2020.10.332292344/pythonFiles/completion.py:626: DeprecationWarning: Deprecated since version 0.16.0. Use Script(...).infer instead.
  script.goto_definitions(), request["id"]

Error 2021-01-18 14:23:11: stderr jediProxy Error (stderr) /home/devin/.vscode-oss/extensions/ms-python.python-2020.10.332292344/pythonFiles/completion.py:584: DeprecationWarning: Deprecated since version 0.16.0. Use Script(...).get_names instead.
  jedi.api.names(

> ~/Projects/dairyserver/venv/bin/python3.9 ~/.vscode-oss/extensions/ms-python.python-2020.10.332292344/pythonFiles/pyvsc-run-isolated.py flake8 --format=%(row)d,%(col)d,%(code).1s,%(code)s:%(text)s ~/Projects/dairyserver/app/auth.py
cwd: ~/Projects/dairyserver
> ~/Projects/dairyserver/venv/bin/python3.9 ~/.vscode-oss/extensions/ms-python.python-2020.10.332292344/pythonFiles/pyvsc-run-isolated.py flake8 --format=%(row)d,%(col)d,%(code).1s,%(code)s:%(text)s ~/Projects/dairyserver/app/auth.py
cwd: ~/Projects/dairyserver
##########Linting Output - flake8##########
21,42,E,E703:statement ends with a semicolon
23,61,E,E999:SyntaxError: invalid syntax
Error 2021-01-18 14:23:27: stderr jediProxy Error (stderr) /home/devin/.vscode-oss/extensions/ms-python.python-2020.10.332292344/pythonFiles/completion.py:592: DeprecationWarning: Providing the line is now done in the functions themselves like `Script(...).complete(line, column)`
  script = jedi.Script(
/home/devin/.vscode-oss/extensions/ms-python.python-2020.10.332292344/pythonFiles/completion.py:592: DeprecationWarning: Providing the column is now done in the functions themselves like `Script(...).complete(line, column)`
  script = jedi.Script(
/home/devin/.vscode-oss/extensions/ms-python.python-2020.10.332292344/pythonFiles/completion.py:592: DeprecationWarning: Deprecated since version 0.17.0. Use the project API instead, which means Script(project=Project(dir, sys_path=sys_path)) instead.
  script = jedi.Script(

Error 2021-01-18 14:23:27: stderr jediProxy Error (stderr) /home/devin/.vscode-oss/extensions/ms-python.python-2020.10.332292344/pythonFiles/completion.py:626: DeprecationWarning: Deprecated since version 0.16.0. Use Script(...).infer instead.
  script.goto_definitions(), request["id"]

Error 2021-01-18 14:23:27: stderr jediProxy Error (stderr) /home/devin/.vscode-oss/extensions/ms-python.python-2020.10.332292344/pythonFiles/completion.py:592: DeprecationWarning: Use the code keyword argument instead.
  script = jedi.Script(

Error 2021-01-18 14:23:27: stderr jediProxy Error (stderr) /home/devin/.vscode-oss/extensions/ms-python.python-2020.10.332292344/pythonFiles/completion.py:105: DeprecationWarning: Deprecated since version 0.16.0. Use Script(...).get_signatures instead.
  call_signatures = script.call_signatures()

Error 2021-01-18 14:23:27: stderr jediProxy Error (stderr) /home/devin/.vscode-oss/extensions/ms-python.python-2020.10.332292344/pythonFiles/completion.py:230: DeprecationWarning: Deprecated since version 0.16.0. Use Script(...).complete instead.
  completions = script.completions()

Error 2021-01-18 14:23:28: stderr jediProxy Error (stderr) /home/devin/.vscode-oss/extensions/ms-python.python-2020.10.332292344/pythonFiles/completion.py:592: DeprecationWarning: Providing the line is now done in the functions themselves like `Script(...).complete(line, column)`
  script = jedi.Script(

Error 2021-01-18 14:23:28: stderr jediProxy Error (stderr) /home/devin/.vscode-oss/extensions/ms-python.python-2020.10.332292344/pythonFiles/completion.py:592: DeprecationWarning: Providing the column is now done in the functions themselves like `Script(...).complete(line, column)`
  script = jedi.Script(
/home/devin/.vscode-oss/extensions/ms-python.python-2020.10.332292344/pythonFiles/completion.py:592: DeprecationWarning: Use the code keyword argument instead.
  script = jedi.Script(
/home/devin/.vscode-oss/extensions/ms-python.python-2020.10.332292344/pythonFiles/completion.py:592: DeprecationWarning: Deprecated since version 0.17.0. Use the project API instead, which means Script(project=Project(dir, sys_path=sys_path)) instead.
  script = jedi.Script(

Error 2021-01-18 14:23:28: stderr jediProxy Error (stderr) /home/devin/.vscode-oss/extensions/ms-python.python-2020.10.332292344/pythonFiles/completion.py:105: DeprecationWarning: Deprecated since version 0.16.0. Use Script(...).get_signatures instead.
  call_signatures = script.call_signatures()

Error 2021-01-18 14:23:28: stderr jediProxy Error (stderr) /home/devin/.vscode-oss/extensions/ms-python.python-2020.10.332292344/pythonFiles/completion.py:230: DeprecationWarning: Deprecated since version 0.16.0. Use Script(...).complete instead.
  completions = script.completions()

Error 2021-01-18 14:23:28: stderr jediProxy Error (stderr) /home/devin/.vscode-oss/extensions/ms-python.python-2020.10.332292344/pythonFiles/completion.py:144: DeprecationWarning: Deprecated since version 0.16.0. Use Script(...).get_signatures instead.
  call_signatures = script.call_signatures()

Error 2021-01-18 14:23:30: stderr jediProxy Error (stderr) /home/devin/.vscode-oss/extensions/ms-python.python-2020.10.332292344/pythonFiles/completion.py:584: DeprecationWarning: Deprecated since version 0.16.0. Use Script(...).get_names instead.
  jedi.api.names(

> ~/Projects/dairyserver/venv/bin/python3.9 ~/.vscode-oss/extensions/ms-python.python-2020.10.332292344/pythonFiles/pyvsc-run-isolated.py flake8 --format=%(row)d,%(col)d,%(code).1s,%(code)s:%(text)s ~/Projects/dairyserver/app/auth.py
cwd: ~/Projects/dairyserver
> ~/Projects/dairyserver/venv/bin/python3.9 ~/.vscode-oss/extensions/ms-python.python-2020.10.332292344/pythonFiles/pyvsc-run-isolated.py flake8 --format=%(row)d,%(col)d,%(code).1s,%(code)s:%(text)s ~/Projects/dairyserver/app/auth.py
cwd: ~/Projects/dairyserver
##########Linting Output - flake8##########
21,42,E,E703:statement ends with a semicolon
Error 2021-01-18 14:23:46: stderr jediProxy Error (stderr) /home/devin/.vscode-oss/extensions/ms-python.python-2020.10.332292344/pythonFiles/completion.py:592: DeprecationWarning: Providing the line is now done in the functions themselves like `Script(...).complete(line, column)`
  script = jedi.Script(
/home/devin/.vscode-oss/extensions/ms-python.python-2020.10.332292344/pythonFiles/completion.py:592: DeprecationWarning: Providing the column is now done in the functions themselves like `Script(...).complete(line, column)`
  script = jedi.Script(
/home/devin/.vscode-oss/extensions/ms-python.python-2020.10.332292344/pythonFiles/completion.py:592: DeprecationWarning: Use the code keyword argument instead.
  script = jedi.Script(
/home/devin/.vscode-oss/extensions/ms-python.python-2020.10.332292344/pythonFiles/completion.py:592: DeprecationWarning: Deprecated since version 0.17.0. Use the project API instead, which means Script(project=Project(dir, sys_path=sys_path)) instead.
  script = jedi.Script(

Error 2021-01-18 14:23:46: stderr jediProxy Error (stderr) /home/devin/.vscode-oss/extensions/ms-python.python-2020.10.332292344/pythonFiles/completion.py:144: DeprecationWarning: Deprecated since version 0.16.0. Use Script(...).get_signatures instead.
  call_signatures = script.call_signatures()

> ~/Projects/dairyserver/venv/bin/python3.9 ~/.vscode-oss/extensions/ms-python.python-2020.10.332292344/pythonFiles/pyvsc-run-isolated.py flake8 --format=%(row)d,%(col)d,%(code).1s,%(code)s:%(text)s ~/Projects/dairyserver/app/auth.py
cwd: ~/Projects/dairyserver
> ~/Projects/dairyserver/venv/bin/python3.9 ~/.vscode-oss/extensions/ms-python.python-2020.10.332292344/pythonFiles/pyvsc-run-isolated.py flake8 --format=%(row)d,%(col)d,%(code).1s,%(code)s:%(text)s ~/Projects/dairyserver/app/auth.py
cwd: ~/Projects/dairyserver
##########Linting Output - flake8##########
21,42,E,E703:statement ends with a semicolon
> ~/Projects/dairyserver/venv/bin/python3.9 ~/.vscode-oss/extensions/ms-python.python-2020.10.332292344/pythonFiles/pyvsc-run-isolated.py flake8 --format=%(row)d,%(col)d,%(code).1s,%(code)s:%(text)s ~/Projects/dairyserver/app/auth.py
cwd: ~/Projects/dairyserver
> ~/Projects/dairyserver/venv/bin/python3.9 ~/.vscode-oss/extensions/ms-python.python-2020.10.332292344/pythonFiles/pyvsc-run-isolated.py flake8 --format=%(row)d,%(col)d,%(code).1s,%(code)s:%(text)s ~/Projects/dairyserver/app/auth.py
cwd: ~/Projects/dairyserver
##########Linting Output - flake8##########
21,33,E,E999:SyntaxError: invalid syntax
Error 2021-01-18 14:24:03: stderr jediProxy Error (stderr) /home/devin/.vscode-oss/extensions/ms-python.python-2020.10.332292344/pythonFiles/completion.py:105: DeprecationWarning: Deprecated since version 0.16.0. Use Script(...).get_signatures instead.
  call_signatures = script.call_signatures()

Error 2021-01-18 14:24:03: stderr jediProxy Error (stderr) /home/devin/.vscode-oss/extensions/ms-python.python-2020.10.332292344/pythonFiles/completion.py:230: DeprecationWarning: Deprecated since version 0.16.0. Use Script(...).complete instead.
  completions = script.completions()

Error 2021-01-18 14:24:04: stderr jediProxy Error (stderr) /home/devin/.vscode-oss/extensions/ms-python.python-2020.10.332292344/pythonFiles/completion.py:626: DeprecationWarning: Deprecated since version 0.16.0. Use Script(...).infer instead.
  script.goto_definitions(), request["id"]

Error 2021-01-18 14:24:05: stderr jediProxy Error (stderr) /home/devin/.vscode-oss/extensions/ms-python.python-2020.10.332292344/pythonFiles/completion.py:592: DeprecationWarning: Providing the line is now done in the functions themselves like `Script(...).complete(line, column)`
  script = jedi.Script(
/home/devin/.vscode-oss/extensions/ms-python.python-2020.10.332292344/pythonFiles/completion.py:592: DeprecationWarning: Providing the column is now done in the functions themselves like `Script(...).complete(line, column)`
  script = jedi.Script(

Error 2021-01-18 14:24:05: stderr jediProxy Error (stderr) /home/devin/.vscode-oss/extensions/ms-python.python-2020.10.332292344/pythonFiles/completion.py:592: DeprecationWarning: Use the code keyword argument instead.
  script = jedi.Script(
/home/devin/.vscode-oss/extensions/ms-python.python-2020.10.332292344/pythonFiles/completion.py:592: DeprecationWarning: Deprecated since version 0.17.0. Use the project API instead, which means Script(project=Project(dir, sys_path=sys_path)) instead.
  script = jedi.Script(

Error 2021-01-18 14:24:05: stderr jediProxy Error (stderr) /home/devin/.vscode-oss/extensions/ms-python.python-2020.10.332292344/pythonFiles/completion.py:105: DeprecationWarning: Deprecated since version 0.16.0. Use Script(...).get_signatures instead.
  call_signatures = script.call_signatures()

Error 2021-01-18 14:24:05: stderr jediProxy Error (stderr) /home/devin/.vscode-oss/extensions/ms-python.python-2020.10.332292344/pythonFiles/completion.py:230: DeprecationWarning: Deprecated since version 0.16.0. Use Script(...).complete instead.
  completions = script.completions()

Error 2021-01-18 14:24:05: stderr jediProxy Error (stderr) /home/devin/.vscode-oss/extensions/ms-python.python-2020.10.332292344/pythonFiles/completion.py:626: DeprecationWarning: Deprecated since version 0.16.0. Use Script(...).infer instead.
  script.goto_definitions(), request["id"]

Error 2021-01-18 14:24:06: stderr jediProxy Error (stderr) /home/devin/.vscode-oss/extensions/ms-python.python-2020.10.332292344/pythonFiles/completion.py:592: DeprecationWarning: Providing the line is now done in the functions themselves like `Script(...).complete(line, column)`
  script = jedi.Script(
/home/devin/.vscode-oss/extensions/ms-python.python-2020.10.332292344/pythonFiles/completion.py:592: DeprecationWarning: Providing the column is now done in the functions themselves like `Script(...).complete(line, column)`
  script = jedi.Script(

Error 2021-01-18 14:24:06: stderr jediProxy Error (stderr) /home/devin/.vscode-oss/extensions/ms-python.python-2020.10.332292344/pythonFiles/completion.py:592: DeprecationWarning: Use the code keyword argument instead.
  script = jedi.Script(
/home/devin/.vscode-oss/extensions/ms-python.python-2020.10.332292344/pythonFiles/completion.py:592: DeprecationWarning: Deprecated since version 0.17.0. Use the project API instead, which means Script(project=Project(dir, sys_path=sys_path)) instead.
  script = jedi.Script(

Error 2021-01-18 14:24:06: stderr jediProxy Error (stderr) /home/devin/.vscode-oss/extensions/ms-python.python-2020.10.332292344/pythonFiles/completion.py:626: DeprecationWarning: Deprecated since version 0.16.0. Use Script(...).infer instead.
  script.goto_definitions(), request["id"]

Error 2021-01-18 14:24:08: stderr jediProxy Error (stderr) /home/devin/.vscode-oss/extensions/ms-python.python-2020.10.332292344/pythonFiles/completion.py:592: DeprecationWarning: Providing the line is now done in the functions themselves like `Script(...).complete(line, column)`
  script = jedi.Script(
/home/devin/.vscode-oss/extensions/ms-python.python-2020.10.332292344/pythonFiles/completion.py:592: DeprecationWarning: Providing the column is now done in the functions themselves like `Script(...).complete(line, column)`
  script = jedi.Script(

Error 2021-01-18 14:24:08: stderr jediProxy Error (stderr) /home/devin/.vscode-oss/extensions/ms-python.python-2020.10.332292344/pythonFiles/completion.py:592: DeprecationWarning: Use the code keyword argument instead.
  script = jedi.Script(
/home/devin/.vscode-oss/extensions/ms-python.python-2020.10.332292344/pythonFiles/completion.py:592: DeprecationWarning: Deprecated since version 0.17.0. Use the project API instead, which means Script(project=Project(dir, sys_path=sys_path)) instead.
  script = jedi.Script(

Error 2021-01-18 14:24:08: stderr jediProxy Error (stderr) /home/devin/.vscode-oss/extensions/ms-python.python-2020.10.332292344/pythonFiles/completion.py:626: DeprecationWarning: Deprecated since version 0.16.0. Use Script(...).infer instead.
  script.goto_definitions(), request["id"]

Error 2021-01-18 14:24:14: stderr jediProxy Error (stderr) /home/devin/.vscode-oss/extensions/ms-python.python-2020.10.332292344/pythonFiles/completion.py:592: DeprecationWarning: Providing the line is now done in the functions themselves like `Script(...).complete(line, column)`
  script = jedi.Script(
/home/devin/.vscode-oss/extensions/ms-python.python-2020.10.332292344/pythonFiles/completion.py:592: DeprecationWarning: Providing the column is now done in the functions themselves like `Script(...).complete(line, column)`
  script = jedi.Script(
/home/devin/.vscode-oss/extensions/ms-python.python-2020.10.332292344/pythonFiles/completion.py:592: DeprecationWarning: Use the code keyword argument instead.
  script = jedi.Script(
/home/devin/.vscode-oss/extensions/ms-python.python-2020.10.332292344/pythonFiles/completion.py:592: DeprecationWarning: Deprecated since version 0.17.0. Use the project API instead, which means Script(project=Project(dir, sys_path=sys_path)) instead.
  script = jedi.Script(

Error 2021-01-18 14:24:14: stderr jediProxy Error (stderr) /home/devin/.vscode-oss/extensions/ms-python.python-2020.10.332292344/pythonFiles/completion.py:105: DeprecationWarning: Deprecated since version 0.16.0. Use Script(...).get_signatures instead.
  call_signatures = script.call_signatures()

Error 2021-01-18 14:24:14: stderr jediProxy Error (stderr) /home/devin/.vscode-oss/extensions/ms-python.python-2020.10.332292344/pythonFiles/completion.py:230: DeprecationWarning: Deprecated since version 0.16.0. Use Script(...).complete instead.
  completions = script.completions()

Error 2021-01-18 14:24:14: stderr jediProxy Error (stderr) /home/devin/.vscode-oss/extensions/ms-python.python-2020.10.332292344/pythonFiles/completion.py:592: DeprecationWarning: Providing the line is now done in the functions themselves like `Script(...).complete(line, column)`
  script = jedi.Script(
/home/devin/.vscode-oss/extensions/ms-python.python-2020.10.332292344/pythonFiles/completion.py:592: DeprecationWarning: Providing the column is now done in the functions themselves like `Script(...).complete(line, column)`
  script = jedi.Script(
/home/devin/.vscode-oss/extensions/ms-python.python-2020.10.332292344/pythonFiles/completion.py:592: DeprecationWarning: Use the code keyword argument instead.
  script = jedi.Script(
/home/devin/.vscode-oss/extensions/ms-python.python-2020.10.332292344/pythonFiles/completion.py:592: DeprecationWarning: Deprecated since version 0.17.0. Use the project API instead, which means Script(project=Project(dir, sys_path=sys_path)) instead.
  script = jedi.Script(

Error 2021-01-18 14:24:14: stderr jediProxy Error (stderr) /home/devin/.vscode-oss/extensions/ms-python.python-2020.10.332292344/pythonFiles/completion.py:626: DeprecationWarning: Deprecated since version 0.16.0. Use Script(...).infer instead.
  script.goto_definitions(), request["id"]

Error 2021-01-18 14:24:14: stderr jediProxy Error (stderr) /home/devin/.vscode-oss/extensions/ms-python.python-2020.10.332292344/pythonFiles/completion.py:105: DeprecationWarning: Deprecated since version 0.16.0. Use Script(...).get_signatures instead.
  call_signatures = script.call_signatures()

Error 2021-01-18 14:24:14: stderr jediProxy Error (stderr) /home/devin/.vscode-oss/extensions/ms-python.python-2020.10.332292344/pythonFiles/completion.py:230: DeprecationWarning: Deprecated since version 0.16.0. Use Script(...).complete instead.
  completions = script.completions()

Error 2021-01-18 14:24:14: stderr jediProxy Error (stderr) /home/devin/.vscode-oss/extensions/ms-python.python-2020.10.332292344/pythonFiles/completion.py:592: DeprecationWarning: Providing the line is now done in the functions themselves like `Script(...).complete(line, column)`
  script = jedi.Script(
/home/devin/.vscode-oss/extensions/ms-python.python-2020.10.332292344/pythonFiles/completion.py:592: DeprecationWarning: Providing the column is now done in the functions themselves like `Script(...).complete(line, column)`
  script = jedi.Script(

Error 2021-01-18 14:24:14: stderr jediProxy Error (stderr) /home/devin/.vscode-oss/extensions/ms-python.python-2020.10.332292344/pythonFiles/completion.py:592: DeprecationWarning: Use the code keyword argument instead.
  script = jedi.Script(
/home/devin/.vscode-oss/extensions/ms-python.python-2020.10.332292344/pythonFiles/completion.py:592: DeprecationWarning: Deprecated since version 0.17.0. Use the project API instead, which means Script(project=Project(dir, sys_path=sys_path)) instead.
  script = jedi.Script(

Error 2021-01-18 14:24:14: stderr jediProxy Error (stderr) /home/devin/.vscode-oss/extensions/ms-python.python-2020.10.332292344/pythonFiles/completion.py:626: DeprecationWarning: Deprecated since version 0.16.0. Use Script(...).infer instead.
  script.goto_definitions(), request["id"]

Error 2021-01-18 14:24:15: stderr jediProxy Error (stderr) /home/devin/.vscode-oss/extensions/ms-python.python-2020.10.332292344/pythonFiles/completion.py:592: DeprecationWarning: Providing the line is now done in the functions themselves like `Script(...).complete(line, column)`
  script = jedi.Script(
/home/devin/.vscode-oss/extensions/ms-python.python-2020.10.332292344/pythonFiles/completion.py:592: DeprecationWarning: Providing the column is now done in the functions themselves like `Script(...).complete(line, column)`
  script = jedi.Script(
/home/devin/.vscode-oss/extensions/ms-python.python-2020.10.332292344/pythonFiles/completion.py:592: DeprecationWarning: Use the code keyword argument instead.
  script = jedi.Script(
/home/devin/.vscode-oss/extensions/ms-python.python-2020.10.332292344/pythonFiles/completion.py:592: DeprecationWarning: Deprecated since version 0.17.0. Use the project API instead, which means Script(project=Project(dir, sys_path=sys_path)) instead.
  script = jedi.Script(

Error 2021-01-18 14:24:15: stderr jediProxy Error (stderr) /home/devin/.vscode-oss/extensions/ms-python.python-2020.10.332292344/pythonFiles/completion.py:105: DeprecationWarning: Deprecated since version 0.16.0. Use Script(...).get_signatures instead.
  call_signatures = script.call_signatures()

Error 2021-01-18 14:24:15: stderr jediProxy Error (stderr) /home/devin/.vscode-oss/extensions/ms-python.python-2020.10.332292344/pythonFiles/completion.py:230: DeprecationWarning: Deprecated since version 0.16.0. Use Script(...).complete instead.
  completions = script.completions()

Error 2021-01-18 14:24:15: stderr jediProxy Error (stderr) /home/devin/.vscode-oss/extensions/ms-python.python-2020.10.332292344/pythonFiles/completion.py:626: DeprecationWarning: Deprecated since version 0.16.0. Use Script(...).infer instead.
  script.goto_definitions(), request["id"]

Error 2021-01-18 14:24:15: stderr jediProxy Error (stderr) /home/devin/.vscode-oss/extensions/ms-python.python-2020.10.332292344/pythonFiles/completion.py:592: DeprecationWarning: Providing the line is now done in the functions themselves like `Script(...).complete(line, column)`
  script = jedi.Script(
/home/devin/.vscode-oss/extensions/ms-python.python-2020.10.332292344/pythonFiles/completion.py:592: DeprecationWarning: Providing the column is now done in the functions themselves like `Script(...).complete(line, column)`
  script = jedi.Script(
/home/devin/.vscode-oss/extensions/ms-python.python-2020.10.332292344/pythonFiles/completion.py:592: DeprecationWarning: Use the code keyword argument instead.
  script = jedi.Script(
/home/devin/.vscode-oss/extensions/ms-python.python-2020.10.332292344/pythonFiles/completion.py:592: DeprecationWarning: Deprecated since version 0.17.0. Use the project API instead, which means Script(project=Project(dir, sys_path=sys_path)) instead.
  script = jedi.Script(

Error 2021-01-18 14:24:15: stderr jediProxy Error (stderr) /home/devin/.vscode-oss/extensions/ms-python.python-2020.10.332292344/pythonFiles/completion.py:626: DeprecationWarning: Deprecated since version 0.16.0. Use Script(...).infer instead.
  script.goto_definitions(), request["id"]

Error 2021-01-18 14:24:17: stderr jediProxy Error (stderr) /home/devin/.vscode-oss/extensions/ms-python.python-2020.10.332292344/pythonFiles/completion.py:105: DeprecationWarning: Deprecated since version 0.16.0. Use Script(...).get_signatures instead.
  call_signatures = script.call_signatures()

Error 2021-01-18 14:24:17: stderr jediProxy Error (stderr) /home/devin/.vscode-oss/extensions/ms-python.python-2020.10.332292344/pythonFiles/completion.py:230: DeprecationWarning: Deprecated since version 0.16.0. Use Script(...).complete instead.
  completions = script.completions()

Error 2021-01-18 14:24:17: stderr jediProxy Error (stderr) /home/devin/.vscode-oss/extensions/ms-python.python-2020.10.332292344/pythonFiles/completion.py:592: DeprecationWarning: Providing the line is now done in the functions themselves like `Script(...).complete(line, column)`
  script = jedi.Script(
/home/devin/.vscode-oss/extensions/ms-python.python-2020.10.332292344/pythonFiles/completion.py:592: DeprecationWarning: Providing the column is now done in the functions themselves like `Script(...).complete(line, column)`
  script = jedi.Script(
/home/devin/.vscode-oss/extensions/ms-python.python-2020.10.332292344/pythonFiles/completion.py:592: DeprecationWarning: Use the code keyword argument instead.
  script = jedi.Script(
/home/devin/.vscode-oss/extensions/ms-python.python-2020.10.332292344/pythonFiles/completion.py:592: DeprecationWarning: Deprecated since version 0.17.0. Use the project API instead, which means Script(project=Project(dir, sys_path=sys_path)) instead.
  script = jedi.Script(

Error 2021-01-18 14:24:17: stderr jediProxy Error (stderr) /home/devin/.vscode-oss/extensions/ms-python.python-2020.10.332292344/pythonFiles/completion.py:626: DeprecationWarning: Deprecated since version 0.16.0. Use Script(...).infer instead.
  script.goto_definitions(), request["id"]

Error 2021-01-18 14:24:27: stderr jediProxy Error (stderr) /home/devin/.vscode-oss/extensions/ms-python.python-2020.10.332292344/pythonFiles/completion.py:144: DeprecationWarning: Deprecated since version 0.16.0. Use Script(...).get_signatures instead.
  call_signatures = script.call_signatures()

> ~/Projects/dairyserver/venv/bin/python3.9 ~/.vscode-oss/extensions/ms-python.python-2020.10.332292344/pythonFiles/pyvsc-run-isolated.py flake8 --format=%(row)d,%(col)d,%(code).1s,%(code)s:%(text)s ~/Projects/dairyserver/app/auth.py
cwd: ~/Projects/dairyserver
> ~/Projects/dairyserver/venv/bin/python3.9 ~/.vscode-oss/extensions/ms-python.python-2020.10.332292344/pythonFiles/pyvsc-run-isolated.py flake8 --format=%(row)d,%(col)d,%(code).1s,%(code)s:%(text)s ~/Projects/dairyserver/app/auth.py
cwd: ~/Projects/dairyserver
##########Linting Output - flake8##########
21,42,E,E703:statement ends with a semicolon
23,46,E,E703:statement ends with a semicolon
24,1,W,W293:blank line contains whitespace
> ~/Projects/dairyserver/venv/bin/python3.9 ~/.vscode-oss/extensions/ms-python.python-2020.10.332292344/pythonFiles/pyvsc-run-isolated.py flake8 --format=%(row)d,%(col)d,%(code).1s,%(code)s:%(text)s ~/Projects/dairyserver/app/auth.py
cwd: ~/Projects/dairyserver
> ~/Projects/dairyserver/venv/bin/python3.9 ~/.vscode-oss/extensions/ms-python.python-2020.10.332292344/pythonFiles/pyvsc-run-isolated.py flake8 --format=%(row)d,%(col)d,%(code).1s,%(code)s:%(text)s ~/Projects/dairyserver/app/auth.py
cwd: ~/Projects/dairyserver
##########Linting Output - flake8##########
21,42,E,E703:statement ends with a semicolon
23,46,E,E703:statement ends with a semicolon
24,1,W,W293:blank line contains whitespace
> ~/Projects/dairyserver/venv/bin/python3.9 ~/.vscode-oss/extensions/ms-python.python-2020.10.332292344/pythonFiles/pyvsc-run-isolated.py flake8 --format=%(row)d,%(col)d,%(code).1s,%(code)s:%(text)s ~/Projects/dairyserver/app/auth.py
cwd: ~/Projects/dairyserver
> ~/Projects/dairyserver/venv/bin/python3.9 ~/.vscode-oss/extensions/ms-python.python-2020.10.332292344/pythonFiles/pyvsc-run-isolated.py flake8 --format=%(row)d,%(col)d,%(code).1s,%(code)s:%(text)s ~/Projects/dairyserver/app/auth.py
cwd: ~/Projects/dairyserver
##########Linting Output - flake8##########
21,42,E,E703:statement ends with a semicolon
23,46,E,E703:statement ends with a semicolon
