[2021-01-13 12:41:52.312] [exthost] [info] extension host started
[2021-01-13 12:41:52.461] [exthost] [info] ExtensionService#_doActivateExtension vscode.css-language-features {"startup":false,"extensionId":{"value":"vscode.css-language-features","_lower":"vscode.css-language-features"},"activationEvent":"onLanguage:scss"}
[2021-01-13 12:41:52.461] [exthost] [info] ExtensionService#loadCommonJSModule file:///usr/lib/code/extensions/css-language-features/client/dist/node/cssClientMain
[2021-01-13 12:41:52.469] [exthost] [info] ExtensionService#_doActivateExtension vscode.emmet {"startup":false,"extensionId":{"value":"vscode.emmet","_lower":"vscode.emmet"},"activationEvent":"onLanguage:scss"}
[2021-01-13 12:41:52.469] [exthost] [info] ExtensionService#loadCommonJSModule file:///usr/lib/code/extensions/emmet/dist/node/emmetNodeMain
[2021-01-13 12:41:52.481] [exthost] [info] ExtensionService#_doActivateExtension vscode.debug-auto-launch {"startup":true,"extensionId":{"value":"vscode.debug-auto-launch","_lower":"vscode.debug-auto-launch"},"activationEvent":"*"}
[2021-01-13 12:41:52.481] [exthost] [info] ExtensionService#loadCommonJSModule file:///usr/lib/code/extensions/debug-auto-launch/dist/extension
[2021-01-13 12:41:52.482] [exthost] [info] ExtensionService#_doActivateExtension vscode.git {"startup":true,"extensionId":{"value":"vscode.github","_lower":"vscode.github"},"activationEvent":"*"}
[2021-01-13 12:41:52.482] [exthost] [info] ExtensionService#loadCommonJSModule file:///usr/lib/code/extensions/git/dist/main
[2021-01-13 12:41:52.494] [exthost] [info] ExtensionService#_doActivateExtension vscode.merge-conflict {"startup":true,"extensionId":{"value":"vscode.merge-conflict","_lower":"vscode.merge-conflict"},"activationEvent":"*"}
[2021-01-13 12:41:52.494] [exthost] [info] ExtensionService#loadCommonJSModule file:///usr/lib/code/extensions/merge-conflict/dist/mergeConflictMain
[2021-01-13 12:41:52.495] [exthost] [info] ExtensionService#_doActivateExtension vscode.search-result {"startup":true,"extensionId":{"value":"vscode.search-result","_lower":"vscode.search-result"},"activationEvent":"*"}
[2021-01-13 12:41:52.495] [exthost] [info] ExtensionService#loadCommonJSModule file:///usr/lib/code/extensions/search-result/dist/extension.js
[2021-01-13 12:41:52.496] [exthost] [info] ExtensionService#_doActivateExtension dbaeumer.vscode-eslint {"startup":true,"extensionId":{"value":"dbaeumer.vscode-eslint","_lower":"dbaeumer.vscode-eslint"},"activationEvent":"*"}
[2021-01-13 12:41:52.496] [exthost] [info] ExtensionService#loadCommonJSModule file:///home/devin/.vscode-oss/extensions/dbaeumer.vscode-eslint-2.1.8/client/out/extension
[2021-01-13 12:41:52.498] [exthost] [info] ExtensionService#_doActivateExtension HookyQR.beautify {"startup":true,"extensionId":{"value":"HookyQR.beautify","_lower":"hookyqr.beautify"},"activationEvent":"*"}
[2021-01-13 12:41:52.498] [exthost] [info] ExtensionService#loadCommonJSModule file:///home/devin/.vscode-oss/extensions/hookyqr.beautify-1.4.11/extension
[2021-01-13 12:41:52.513] [exthost] [info] ExtensionService#_doActivateExtension PKief.material-icon-theme {"startup":true,"extensionId":{"value":"PKief.material-icon-theme","_lower":"pkief.material-icon-theme"},"activationEvent":"*"}
[2021-01-13 12:41:52.513] [exthost] [info] ExtensionService#loadCommonJSModule file:///home/devin/.vscode-oss/extensions/pkief.material-icon-theme-4.5.0/dist/extension
[2021-01-13 12:41:52.519] [exthost] [info] ExtensionService#_doActivateExtension ritwickdey.LiveServer {"startup":true,"extensionId":{"value":"ritwickdey.LiveServer","_lower":"ritwickdey.liveserver"},"activationEvent":"*"}
[2021-01-13 12:41:52.519] [exthost] [info] ExtensionService#loadCommonJSModule file:///home/devin/.vscode-oss/extensions/ritwickdey.liveserver-5.6.1/out/src/extension
[2021-01-13 12:41:52.676] [exthost] [info] ExtensionService#_doActivateExtension vscode.npm {"startup":true,"extensionId":{"value":"vscode.npm","_lower":"vscode.npm"},"activationEvent":"workspaceContains:package.json"}
[2021-01-13 12:41:52.676] [exthost] [info] ExtensionService#loadCommonJSModule file:///usr/lib/code/extensions/npm/dist/npmMain
[2021-01-13 12:41:52.785] [exthost] [info] ExtensionService#_doActivateExtension vscode.github {"startup":true,"extensionId":{"value":"vscode.github","_lower":"vscode.github"},"activationEvent":"*"}
[2021-01-13 12:41:52.785] [exthost] [info] ExtensionService#loadCommonJSModule file:///usr/lib/code/extensions/github/dist/extension.js
[2021-01-13 12:41:52.828] [exthost] [info] ExtensionService#_doActivateExtension ms-vscode.js-debug {"startup":false,"extensionId":{"value":"ms-vscode.js-debug","_lower":"ms-vscode.js-debug"},"activationEvent":"onCommand:extension.js-debug.clearAutoAttachVariables"}
[2021-01-13 12:41:52.828] [exthost] [info] ExtensionService#loadCommonJSModule file:///usr/lib/code/extensions/ms-vscode.js-debug/src/extension.js
[2021-01-13 12:41:52.874] [exthost] [info] eager extensions activated
[2021-01-13 12:41:52.886] [exthost] [info] ExtensionService#_doActivateExtension esbenp.prettier-vscode {"startup":false,"extensionId":{"value":"esbenp.prettier-vscode","_lower":"esbenp.prettier-vscode"},"activationEvent":"onStartupFinished"}
[2021-01-13 12:41:52.886] [exthost] [info] ExtensionService#loadCommonJSModule file:///home/devin/.vscode-oss/extensions/esbenp.prettier-vscode-5.8.0/dist/extension
[2021-01-13 12:41:56.346] [exthost] [info] ExtensionService#_doActivateExtension vscode.typescript-language-features {"startup":false,"extensionId":{"value":"vscode.typescript-language-features","_lower":"vscode.typescript-language-features"},"activationEvent":"onLanguage:javascriptreact"}
[2021-01-13 12:41:56.346] [exthost] [info] ExtensionService#loadCommonJSModule file:///usr/lib/code/extensions/typescript-language-features/dist/extension
[2021-01-13 12:42:06.396] [exthost] [info] ExtensionService#_doActivateExtension vscode.extension-editing {"startup":false,"extensionId":{"value":"vscode.extension-editing","_lower":"vscode.extension-editing"},"activationEvent":"onLanguage:typescript"}
[2021-01-13 12:42:06.396] [exthost] [info] ExtensionService#loadCommonJSModule file:///usr/lib/code/extensions/extension-editing/dist/extensionEditingMain
[2021-01-13 12:57:46.272] [exthost] [error] [vscode.typescript-language-features] provider FAILED
[2021-01-13 12:57:46.274] [exthost] [error] Error: DisposableStore is missing...
	at H._convertCompletionItem (/usr/lib/code/out/vs/workbench/services/extensions/node/extensionHostProcess.js:765:55)
	at H.resolveCompletionItem (/usr/lib/code/out/vs/workbench/services/extensions/node/extensionHostProcess.js:764:813)
	at runMicrotasks (<anonymous>)
	at processTicksAndRejections (internal/process/task_queues.js:94:5)
[2021-01-13 13:02:13.099] [exthost] [error] [vscode.typescript-language-features] provider FAILED
[2021-01-13 13:02:13.099] [exthost] [error] Error: DisposableStore is missing...
	at H._convertCompletionItem (/usr/lib/code/out/vs/workbench/services/extensions/node/extensionHostProcess.js:765:55)
	at H.resolveCompletionItem (/usr/lib/code/out/vs/workbench/services/extensions/node/extensionHostProcess.js:764:813)
	at runMicrotasks (<anonymous>)
	at processTicksAndRejections (internal/process/task_queues.js:94:5)
[2021-01-13 13:03:08.031] [exthost] [error] [vscode.typescript-language-features] provider FAILED
[2021-01-13 13:03:08.032] [exthost] [error] Error: DisposableStore is missing...
	at H._convertCompletionItem (/usr/lib/code/out/vs/workbench/services/extensions/node/extensionHostProcess.js:765:55)
	at H.resolveCompletionItem (/usr/lib/code/out/vs/workbench/services/extensions/node/extensionHostProcess.js:764:813)
	at runMicrotasks (<anonymous>)
	at processTicksAndRejections (internal/process/task_queues.js:94:5)
[2021-01-13 13:07:23.940] [exthost] [error] [vscode.typescript-language-features] provider FAILED
[2021-01-13 13:07:23.940] [exthost] [error] Error: DisposableStore is missing...
	at H._convertCompletionItem (/usr/lib/code/out/vs/workbench/services/extensions/node/extensionHostProcess.js:765:55)
	at H.resolveCompletionItem (/usr/lib/code/out/vs/workbench/services/extensions/node/extensionHostProcess.js:764:813)
	at runMicrotasks (<anonymous>)
	at processTicksAndRejections (internal/process/task_queues.js:94:5)
[2021-01-13 13:10:03.860] [exthost] [error] [vscode.typescript-language-features] provider FAILED
[2021-01-13 13:10:03.860] [exthost] [error] Error: DisposableStore is missing...
	at H._convertCompletionItem (/usr/lib/code/out/vs/workbench/services/extensions/node/extensionHostProcess.js:765:55)
	at H.resolveCompletionItem (/usr/lib/code/out/vs/workbench/services/extensions/node/extensionHostProcess.js:764:813)
	at runMicrotasks (<anonymous>)
	at processTicksAndRejections (internal/process/task_queues.js:94:5)
[2021-01-13 13:27:14.050] [exthost] [error] [vscode.typescript-language-features] provider FAILED
[2021-01-13 13:27:14.050] [exthost] [error] Error: DisposableStore is missing...
	at H._convertCompletionItem (/usr/lib/code/out/vs/workbench/services/extensions/node/extensionHostProcess.js:765:55)
	at H.resolveCompletionItem (/usr/lib/code/out/vs/workbench/services/extensions/node/extensionHostProcess.js:764:813)
	at runMicrotasks (<anonymous>)
	at processTicksAndRejections (internal/process/task_queues.js:94:5)
[2021-01-13 13:30:54.611] [exthost] [error] [vscode.typescript-language-features] provider FAILED
[2021-01-13 13:30:54.611] [exthost] [error] Error: DisposableStore is missing...
	at H._convertCompletionItem (/usr/lib/code/out/vs/workbench/services/extensions/node/extensionHostProcess.js:765:55)
	at H.resolveCompletionItem (/usr/lib/code/out/vs/workbench/services/extensions/node/extensionHostProcess.js:764:813)
	at runMicrotasks (<anonymous>)
	at processTicksAndRejections (internal/process/task_queues.js:94:5)
[2021-01-13 13:38:06.842] [exthost] [error] [vscode.typescript-language-features] provider FAILED
[2021-01-13 13:38:06.842] [exthost] [error] Error: DisposableStore is missing...
	at H._convertCompletionItem (/usr/lib/code/out/vs/workbench/services/extensions/node/extensionHostProcess.js:765:55)
	at H.resolveCompletionItem (/usr/lib/code/out/vs/workbench/services/extensions/node/extensionHostProcess.js:764:813)
	at runMicrotasks (<anonymous>)
	at processTicksAndRejections (internal/process/task_queues.js:94:5)
[2021-01-13 13:38:29.011] [exthost] [error] [vscode.typescript-language-features] provider FAILED
[2021-01-13 13:38:29.011] [exthost] [error] Error: DisposableStore is missing...
	at H._convertCompletionItem (/usr/lib/code/out/vs/workbench/services/extensions/node/extensionHostProcess.js:765:55)
	at H.resolveCompletionItem (/usr/lib/code/out/vs/workbench/services/extensions/node/extensionHostProcess.js:764:813)
	at runMicrotasks (<anonymous>)
	at processTicksAndRejections (internal/process/task_queues.js:94:5)
[2021-01-13 13:40:42.855] [exthost] [error] [vscode.typescript-language-features] provider FAILED
[2021-01-13 13:40:42.855] [exthost] [error] Error: DisposableStore is missing...
	at H._convertCompletionItem (/usr/lib/code/out/vs/workbench/services/extensions/node/extensionHostProcess.js:765:55)
	at H.resolveCompletionItem (/usr/lib/code/out/vs/workbench/services/extensions/node/extensionHostProcess.js:764:813)
	at runMicrotasks (<anonymous>)
	at processTicksAndRejections (internal/process/task_queues.js:94:5)
[2021-01-13 13:43:50.538] [exthost] [error] [vscode.typescript-language-features] provider FAILED
[2021-01-13 13:43:50.538] [exthost] [error] Error: DisposableStore is missing...
	at H._convertCompletionItem (/usr/lib/code/out/vs/workbench/services/extensions/node/extensionHostProcess.js:765:55)
	at H.resolveCompletionItem (/usr/lib/code/out/vs/workbench/services/extensions/node/extensionHostProcess.js:764:813)
	at runMicrotasks (<anonymous>)
	at processTicksAndRejections (internal/process/task_queues.js:94:5)
[2021-01-13 13:44:18.940] [exthost] [error] [vscode.typescript-language-features] provider FAILED
[2021-01-13 13:44:18.940] [exthost] [error] Error: DisposableStore is missing...
	at H._convertCompletionItem (/usr/lib/code/out/vs/workbench/services/extensions/node/extensionHostProcess.js:765:55)
	at H.resolveCompletionItem (/usr/lib/code/out/vs/workbench/services/extensions/node/extensionHostProcess.js:764:813)
	at runMicrotasks (<anonymous>)
	at processTicksAndRejections (internal/process/task_queues.js:94:5)
[2021-01-13 13:45:00.943] [exthost] [error] [vscode.typescript-language-features] provider FAILED
[2021-01-13 13:45:00.943] [exthost] [error] Error: DisposableStore is missing...
	at H._convertCompletionItem (/usr/lib/code/out/vs/workbench/services/extensions/node/extensionHostProcess.js:765:55)
	at H.resolveCompletionItem (/usr/lib/code/out/vs/workbench/services/extensions/node/extensionHostProcess.js:764:813)
	at runMicrotasks (<anonymous>)
	at processTicksAndRejections (internal/process/task_queues.js:94:5)
[2021-01-13 13:45:03.498] [exthost] [error] [vscode.typescript-language-features] provider FAILED
[2021-01-13 13:45:03.498] [exthost] [error] Error: DisposableStore is missing...
	at H._convertCompletionItem (/usr/lib/code/out/vs/workbench/services/extensions/node/extensionHostProcess.js:765:55)
	at H.resolveCompletionItem (/usr/lib/code/out/vs/workbench/services/extensions/node/extensionHostProcess.js:764:813)
	at runMicrotasks (<anonymous>)
	at processTicksAndRejections (internal/process/task_queues.js:94:5)
[2021-01-13 13:48:26.879] [exthost] [error] [vscode.typescript-language-features] provider FAILED
[2021-01-13 13:48:26.879] [exthost] [error] Error: DisposableStore is missing...
	at H._convertCompletionItem (/usr/lib/code/out/vs/workbench/services/extensions/node/extensionHostProcess.js:765:55)
	at H.resolveCompletionItem (/usr/lib/code/out/vs/workbench/services/extensions/node/extensionHostProcess.js:764:813)
	at runMicrotasks (<anonymous>)
	at processTicksAndRejections (internal/process/task_queues.js:94:5)
[2021-01-13 13:58:02.537] [exthost] [error] [vscode.typescript-language-features] provider FAILED
[2021-01-13 13:58:02.537] [exthost] [error] Error: DisposableStore is missing...
	at H._convertCompletionItem (/usr/lib/code/out/vs/workbench/services/extensions/node/extensionHostProcess.js:765:55)
	at H.resolveCompletionItem (/usr/lib/code/out/vs/workbench/services/extensions/node/extensionHostProcess.js:764:813)
	at runMicrotasks (<anonymous>)
	at processTicksAndRejections (internal/process/task_queues.js:94:5)
[2021-01-13 13:58:10.498] [exthost] [error] [vscode.typescript-language-features] provider FAILED
[2021-01-13 13:58:10.498] [exthost] [error] Error: DisposableStore is missing...
	at H._convertCompletionItem (/usr/lib/code/out/vs/workbench/services/extensions/node/extensionHostProcess.js:765:55)
	at H.resolveCompletionItem (/usr/lib/code/out/vs/workbench/services/extensions/node/extensionHostProcess.js:764:813)
	at runMicrotasks (<anonymous>)
	at processTicksAndRejections (internal/process/task_queues.js:94:5)
[2021-01-13 14:59:56.642] [exthost] [error] [vscode.typescript-language-features] provider FAILED
[2021-01-13 14:59:56.642] [exthost] [error] Error: DisposableStore is missing...
	at H._convertCompletionItem (/usr/lib/code/out/vs/workbench/services/extensions/node/extensionHostProcess.js:765:55)
	at H.resolveCompletionItem (/usr/lib/code/out/vs/workbench/services/extensions/node/extensionHostProcess.js:764:813)
	at runMicrotasks (<anonymous>)
	at processTicksAndRejections (internal/process/task_queues.js:94:5)
[2021-01-13 15:02:16.551] [exthost] [error] [vscode.typescript-language-features] provider FAILED
[2021-01-13 15:02:16.551] [exthost] [error] Error: DisposableStore is missing...
	at H._convertCompletionItem (/usr/lib/code/out/vs/workbench/services/extensions/node/extensionHostProcess.js:765:55)
	at H.resolveCompletionItem (/usr/lib/code/out/vs/workbench/services/extensions/node/extensionHostProcess.js:764:813)
	at runMicrotasks (<anonymous>)
	at processTicksAndRejections (internal/process/task_queues.js:94:5)
[2021-01-13 15:02:21.846] [exthost] [error] [vscode.typescript-language-features] provider FAILED
[2021-01-13 15:02:21.846] [exthost] [error] Error: DisposableStore is missing...
	at H._convertCompletionItem (/usr/lib/code/out/vs/workbench/services/extensions/node/extensionHostProcess.js:765:55)
	at H.resolveCompletionItem (/usr/lib/code/out/vs/workbench/services/extensions/node/extensionHostProcess.js:764:813)
	at runMicrotasks (<anonymous>)
	at processTicksAndRejections (internal/process/task_queues.js:94:5)
[2021-01-13 15:04:44.394] [exthost] [error] [vscode.typescript-language-features] provider FAILED
[2021-01-13 15:04:44.394] [exthost] [error] Error: DisposableStore is missing...
	at H._convertCompletionItem (/usr/lib/code/out/vs/workbench/services/extensions/node/extensionHostProcess.js:765:55)
	at H.resolveCompletionItem (/usr/lib/code/out/vs/workbench/services/extensions/node/extensionHostProcess.js:764:813)
	at runMicrotasks (<anonymous>)
	at processTicksAndRejections (internal/process/task_queues.js:94:5)
[2021-01-13 15:05:28.250] [exthost] [error] [vscode.typescript-language-features] provider FAILED
[2021-01-13 15:05:28.250] [exthost] [error] Error: DisposableStore is missing...
	at H._convertCompletionItem (/usr/lib/code/out/vs/workbench/services/extensions/node/extensionHostProcess.js:765:55)
	at H.resolveCompletionItem (/usr/lib/code/out/vs/workbench/services/extensions/node/extensionHostProcess.js:764:813)
	at runMicrotasks (<anonymous>)
	at processTicksAndRejections (internal/process/task_queues.js:94:5)
[2021-01-13 15:05:53.979] [exthost] [error] [vscode.typescript-language-features] provider FAILED
[2021-01-13 15:05:53.979] [exthost] [error] Error: DisposableStore is missing...
	at H._convertCompletionItem (/usr/lib/code/out/vs/workbench/services/extensions/node/extensionHostProcess.js:765:55)
	at H.resolveCompletionItem (/usr/lib/code/out/vs/workbench/services/extensions/node/extensionHostProcess.js:764:813)
	at runMicrotasks (<anonymous>)
	at processTicksAndRejections (internal/process/task_queues.js:94:5)
[2021-01-13 15:06:12.550] [exthost] [error] [vscode.typescript-language-features] provider FAILED
[2021-01-13 15:06:12.550] [exthost] [error] Error: DisposableStore is missing...
	at H._convertCompletionItem (/usr/lib/code/out/vs/workbench/services/extensions/node/extensionHostProcess.js:765:55)
	at H.resolveCompletionItem (/usr/lib/code/out/vs/workbench/services/extensions/node/extensionHostProcess.js:764:813)
	at runMicrotasks (<anonymous>)
	at processTicksAndRejections (internal/process/task_queues.js:94:5)
[2021-01-13 15:09:58.817] [exthost] [error] [vscode.typescript-language-features] provider FAILED
[2021-01-13 15:09:58.817] [exthost] [error] Error: DisposableStore is missing...
	at H._convertCompletionItem (/usr/lib/code/out/vs/workbench/services/extensions/node/extensionHostProcess.js:765:55)
	at H.resolveCompletionItem (/usr/lib/code/out/vs/workbench/services/extensions/node/extensionHostProcess.js:764:813)
	at runMicrotasks (<anonymous>)
	at processTicksAndRejections (internal/process/task_queues.js:94:5)
[2021-01-13 15:11:52.205] [exthost] [error] [vscode.typescript-language-features] provider FAILED
[2021-01-13 15:11:52.205] [exthost] [error] Error: DisposableStore is missing...
	at H._convertCompletionItem (/usr/lib/code/out/vs/workbench/services/extensions/node/extensionHostProcess.js:765:55)
	at H.resolveCompletionItem (/usr/lib/code/out/vs/workbench/services/extensions/node/extensionHostProcess.js:764:813)
	at runMicrotasks (<anonymous>)
	at processTicksAndRejections (internal/process/task_queues.js:94:5)
[2021-01-13 15:33:32.549] [exthost] [error] [vscode.typescript-language-features] provider FAILED
[2021-01-13 15:33:32.549] [exthost] [error] Error: DisposableStore is missing...
	at H._convertCompletionItem (/usr/lib/code/out/vs/workbench/services/extensions/node/extensionHostProcess.js:765:55)
	at H.resolveCompletionItem (/usr/lib/code/out/vs/workbench/services/extensions/node/extensionHostProcess.js:764:813)
	at runMicrotasks (<anonymous>)
	at processTicksAndRejections (internal/process/task_queues.js:94:5)
[2021-01-13 15:37:23.838] [exthost] [error] [vscode.typescript-language-features] provider FAILED
[2021-01-13 15:37:23.838] [exthost] [error] Error: DisposableStore is missing...
	at H._convertCompletionItem (/usr/lib/code/out/vs/workbench/services/extensions/node/extensionHostProcess.js:765:55)
	at H.resolveCompletionItem (/usr/lib/code/out/vs/workbench/services/extensions/node/extensionHostProcess.js:764:813)
	at runMicrotasks (<anonymous>)
	at processTicksAndRejections (internal/process/task_queues.js:94:5)
[2021-01-13 15:40:28.348] [exthost] [error] [vscode.typescript-language-features] provider FAILED
[2021-01-13 15:40:28.348] [exthost] [error] Error: DisposableStore is missing...
	at H._convertCompletionItem (/usr/lib/code/out/vs/workbench/services/extensions/node/extensionHostProcess.js:765:55)
	at H.resolveCompletionItem (/usr/lib/code/out/vs/workbench/services/extensions/node/extensionHostProcess.js:764:813)
	at runMicrotasks (<anonymous>)
	at processTicksAndRejections (internal/process/task_queues.js:94:5)
[2021-01-13 15:45:12.127] [exthost] [error] [vscode.typescript-language-features] provider FAILED
[2021-01-13 15:45:12.127] [exthost] [error] Error: DisposableStore is missing...
	at H._convertCompletionItem (/usr/lib/code/out/vs/workbench/services/extensions/node/extensionHostProcess.js:765:55)
	at H.resolveCompletionItem (/usr/lib/code/out/vs/workbench/services/extensions/node/extensionHostProcess.js:764:813)
	at runMicrotasks (<anonymous>)
	at processTicksAndRejections (internal/process/task_queues.js:94:5)
[2021-01-13 15:45:53.503] [exthost] [error] [vscode.typescript-language-features] provider FAILED
[2021-01-13 15:45:53.504] [exthost] [error] Error: DisposableStore is missing...
	at H._convertCompletionItem (/usr/lib/code/out/vs/workbench/services/extensions/node/extensionHostProcess.js:765:55)
	at H.resolveCompletionItem (/usr/lib/code/out/vs/workbench/services/extensions/node/extensionHostProcess.js:764:813)
	at runMicrotasks (<anonymous>)
	at processTicksAndRejections (internal/process/task_queues.js:94:5)
[2021-01-13 15:46:05.092] [exthost] [error] [vscode.typescript-language-features] provider FAILED
[2021-01-13 15:46:05.092] [exthost] [error] Error: DisposableStore is missing...
	at H._convertCompletionItem (/usr/lib/code/out/vs/workbench/services/extensions/node/extensionHostProcess.js:765:55)
	at H.resolveCompletionItem (/usr/lib/code/out/vs/workbench/services/extensions/node/extensionHostProcess.js:764:813)
	at runMicrotasks (<anonymous>)
	at processTicksAndRejections (internal/process/task_queues.js:94:5)
[2021-01-13 15:58:37.783] [exthost] [error] [vscode.typescript-language-features] provider FAILED
[2021-01-13 15:58:37.783] [exthost] [error] Error: DisposableStore is missing...
	at H._convertCompletionItem (/usr/lib/code/out/vs/workbench/services/extensions/node/extensionHostProcess.js:765:55)
	at H.resolveCompletionItem (/usr/lib/code/out/vs/workbench/services/extensions/node/extensionHostProcess.js:764:813)
	at runMicrotasks (<anonymous>)
	at processTicksAndRejections (internal/process/task_queues.js:94:5)
[2021-01-13 16:07:03.580] [exthost] [info] ExtensionService#_doActivateExtension vscode.html-language-features {"startup":false,"extensionId":{"value":"vscode.html-language-features","_lower":"vscode.html-language-features"},"activationEvent":"onLanguage:html"}
[2021-01-13 16:07:03.580] [exthost] [info] ExtensionService#loadCommonJSModule file:///usr/lib/code/extensions/html-language-features/client/dist/node/htmlClientMain
[2021-01-13 16:13:17.357] [exthost] [error] [vscode.typescript-language-features] provider FAILED
[2021-01-13 16:13:17.357] [exthost] [error] Error: DisposableStore is missing...
	at H._convertCompletionItem (/usr/lib/code/out/vs/workbench/services/extensions/node/extensionHostProcess.js:765:55)
	at H.resolveCompletionItem (/usr/lib/code/out/vs/workbench/services/extensions/node/extensionHostProcess.js:764:813)
	at runMicrotasks (<anonymous>)
	at processTicksAndRejections (internal/process/task_queues.js:94:5)
[2021-01-13 16:17:36.633] [exthost] [error] [vscode.typescript-language-features] provider FAILED
[2021-01-13 16:17:36.633] [exthost] [error] Error: DisposableStore is missing...
	at H._convertCompletionItem (/usr/lib/code/out/vs/workbench/services/extensions/node/extensionHostProcess.js:765:55)
	at H.resolveCompletionItem (/usr/lib/code/out/vs/workbench/services/extensions/node/extensionHostProcess.js:764:813)
	at runMicrotasks (<anonymous>)
	at processTicksAndRejections (internal/process/task_queues.js:94:5)
[2021-01-13 16:20:14.785] [exthost] [error] [vscode.typescript-language-features] provider FAILED
[2021-01-13 16:20:14.785] [exthost] [error] Error: DisposableStore is missing...
	at H._convertCompletionItem (/usr/lib/code/out/vs/workbench/services/extensions/node/extensionHostProcess.js:765:55)
	at H.resolveCompletionItem (/usr/lib/code/out/vs/workbench/services/extensions/node/extensionHostProcess.js:764:813)
	at runMicrotasks (<anonymous>)
	at processTicksAndRejections (internal/process/task_queues.js:94:5)
[2021-01-13 16:21:02.181] [exthost] [error] [vscode.typescript-language-features] provider FAILED
[2021-01-13 16:21:02.181] [exthost] [error] Error: DisposableStore is missing...
	at H._convertCompletionItem (/usr/lib/code/out/vs/workbench/services/extensions/node/extensionHostProcess.js:765:55)
	at H.resolveCompletionItem (/usr/lib/code/out/vs/workbench/services/extensions/node/extensionHostProcess.js:764:813)
	at runMicrotasks (<anonymous>)
	at processTicksAndRejections (internal/process/task_queues.js:94:5)
[2021-01-13 16:21:16.347] [exthost] [error] [vscode.typescript-language-features] provider FAILED
[2021-01-13 16:21:16.347] [exthost] [error] Error: DisposableStore is missing...
	at H._convertCompletionItem (/usr/lib/code/out/vs/workbench/services/extensions/node/extensionHostProcess.js:765:55)
	at H.resolveCompletionItem (/usr/lib/code/out/vs/workbench/services/extensions/node/extensionHostProcess.js:764:813)
	at runMicrotasks (<anonymous>)
	at processTicksAndRejections (internal/process/task_queues.js:94:5)
[2021-01-13 16:21:36.710] [exthost] [error] [vscode.typescript-language-features] provider FAILED
[2021-01-13 16:21:36.710] [exthost] [error] Error: DisposableStore is missing...
	at H._convertCompletionItem (/usr/lib/code/out/vs/workbench/services/extensions/node/extensionHostProcess.js:765:55)
	at H.resolveCompletionItem (/usr/lib/code/out/vs/workbench/services/extensions/node/extensionHostProcess.js:764:813)
	at runMicrotasks (<anonymous>)
	at processTicksAndRejections (internal/process/task_queues.js:94:5)
[2021-01-13 16:22:58.448] [exthost] [error] [vscode.typescript-language-features] provider FAILED
[2021-01-13 16:22:58.448] [exthost] [error] Error: DisposableStore is missing...
	at H._convertCompletionItem (/usr/lib/code/out/vs/workbench/services/extensions/node/extensionHostProcess.js:765:55)
	at H.resolveCompletionItem (/usr/lib/code/out/vs/workbench/services/extensions/node/extensionHostProcess.js:764:813)
	at runMicrotasks (<anonymous>)
	at processTicksAndRejections (internal/process/task_queues.js:94:5)
[2021-01-13 16:27:02.869] [exthost] [error] [vscode.typescript-language-features] provider FAILED
[2021-01-13 16:27:02.870] [exthost] [error] Error: DisposableStore is missing...
	at H._convertCompletionItem (/usr/lib/code/out/vs/workbench/services/extensions/node/extensionHostProcess.js:765:55)
	at H.resolveCompletionItem (/usr/lib/code/out/vs/workbench/services/extensions/node/extensionHostProcess.js:764:813)
	at runMicrotasks (<anonymous>)
	at processTicksAndRejections (internal/process/task_queues.js:94:5)
[2021-01-13 16:30:23.810] [exthost] [error] [vscode.typescript-language-features] provider FAILED
[2021-01-13 16:30:23.810] [exthost] [error] Error: DisposableStore is missing...
	at H._convertCompletionItem (/usr/lib/code/out/vs/workbench/services/extensions/node/extensionHostProcess.js:765:55)
	at H.resolveCompletionItem (/usr/lib/code/out/vs/workbench/services/extensions/node/extensionHostProcess.js:764:813)
	at runMicrotasks (<anonymous>)
	at processTicksAndRejections (internal/process/task_queues.js:94:5)
[2021-01-13 16:34:08.481] [exthost] [error] [vscode.typescript-language-features] provider FAILED
[2021-01-13 16:34:08.481] [exthost] [error] Error: DisposableStore is missing...
	at H._convertCompletionItem (/usr/lib/code/out/vs/workbench/services/extensions/node/extensionHostProcess.js:765:55)
	at H.resolveCompletionItem (/usr/lib/code/out/vs/workbench/services/extensions/node/extensionHostProcess.js:764:813)
	at runMicrotasks (<anonymous>)
	at processTicksAndRejections (internal/process/task_queues.js:94:5)
[2021-01-13 16:45:11.569] [exthost] [error] [vscode.typescript-language-features] provider FAILED
[2021-01-13 16:45:11.569] [exthost] [error] Error: DisposableStore is missing...
	at H._convertCompletionItem (/usr/lib/code/out/vs/workbench/services/extensions/node/extensionHostProcess.js:765:55)
	at H.resolveCompletionItem (/usr/lib/code/out/vs/workbench/services/extensions/node/extensionHostProcess.js:764:813)
	at runMicrotasks (<anonymous>)
	at processTicksAndRejections (internal/process/task_queues.js:94:5)
[2021-01-13 16:51:19.434] [exthost] [error] [vscode.typescript-language-features] provider FAILED
[2021-01-13 16:51:19.434] [exthost] [error] Error: DisposableStore is missing...
	at H._convertCompletionItem (/usr/lib/code/out/vs/workbench/services/extensions/node/extensionHostProcess.js:765:55)
	at H.resolveCompletionItem (/usr/lib/code/out/vs/workbench/services/extensions/node/extensionHostProcess.js:764:813)
	at runMicrotasks (<anonymous>)
	at processTicksAndRejections (internal/process/task_queues.js:94:5)
[2021-01-13 16:55:39.318] [exthost] [error] [vscode.typescript-language-features] provider FAILED
[2021-01-13 16:55:39.318] [exthost] [error] Error: DisposableStore is missing...
	at H._convertCompletionItem (/usr/lib/code/out/vs/workbench/services/extensions/node/extensionHostProcess.js:765:55)
	at H.resolveCompletionItem (/usr/lib/code/out/vs/workbench/services/extensions/node/extensionHostProcess.js:764:813)
	at runMicrotasks (<anonymous>)
	at processTicksAndRejections (internal/process/task_queues.js:94:5)
[2021-01-13 16:57:14.735] [exthost] [error] [vscode.typescript-language-features] provider FAILED
[2021-01-13 16:57:14.735] [exthost] [error] Error: DisposableStore is missing...
	at H._convertCompletionItem (/usr/lib/code/out/vs/workbench/services/extensions/node/extensionHostProcess.js:765:55)
	at H.resolveCompletionItem (/usr/lib/code/out/vs/workbench/services/extensions/node/extensionHostProcess.js:764:813)
	at runMicrotasks (<anonymous>)
	at processTicksAndRejections (internal/process/task_queues.js:94:5)
[2021-01-13 16:57:27.878] [exthost] [error] [vscode.typescript-language-features] provider FAILED
[2021-01-13 16:57:27.878] [exthost] [error] Error: DisposableStore is missing...
	at H._convertCompletionItem (/usr/lib/code/out/vs/workbench/services/extensions/node/extensionHostProcess.js:765:55)
	at H.resolveCompletionItem (/usr/lib/code/out/vs/workbench/services/extensions/node/extensionHostProcess.js:764:813)
	at runMicrotasks (<anonymous>)
	at processTicksAndRejections (internal/process/task_queues.js:94:5)
[2021-01-13 16:57:47.094] [exthost] [error] [vscode.typescript-language-features] provider FAILED
[2021-01-13 16:57:47.094] [exthost] [error] Error: DisposableStore is missing...
	at H._convertCompletionItem (/usr/lib/code/out/vs/workbench/services/extensions/node/extensionHostProcess.js:765:55)
	at H.resolveCompletionItem (/usr/lib/code/out/vs/workbench/services/extensions/node/extensionHostProcess.js:764:813)
	at runMicrotasks (<anonymous>)
	at processTicksAndRejections (internal/process/task_queues.js:94:5)
[2021-01-13 16:58:28.231] [exthost] [error] [vscode.typescript-language-features] provider FAILED
[2021-01-13 16:58:28.231] [exthost] [error] Error: DisposableStore is missing...
	at H._convertCompletionItem (/usr/lib/code/out/vs/workbench/services/extensions/node/extensionHostProcess.js:765:55)
	at H.resolveCompletionItem (/usr/lib/code/out/vs/workbench/services/extensions/node/extensionHostProcess.js:764:813)
	at runMicrotasks (<anonymous>)
	at processTicksAndRejections (internal/process/task_queues.js:94:5)
[2021-01-13 17:02:08.903] [exthost] [error] [vscode.typescript-language-features] provider FAILED
[2021-01-13 17:02:08.903] [exthost] [error] Error: DisposableStore is missing...
	at H._convertCompletionItem (/usr/lib/code/out/vs/workbench/services/extensions/node/extensionHostProcess.js:765:55)
	at H.resolveCompletionItem (/usr/lib/code/out/vs/workbench/services/extensions/node/extensionHostProcess.js:764:813)
	at runMicrotasks (<anonymous>)
	at processTicksAndRejections (internal/process/task_queues.js:94:5)
[2021-01-13 17:03:02.999] [exthost] [error] [vscode.typescript-language-features] provider FAILED
[2021-01-13 17:03:02.999] [exthost] [error] Error: DisposableStore is missing...
	at H._convertCompletionItem (/usr/lib/code/out/vs/workbench/services/extensions/node/extensionHostProcess.js:765:55)
	at H.resolveCompletionItem (/usr/lib/code/out/vs/workbench/services/extensions/node/extensionHostProcess.js:764:813)
	at runMicrotasks (<anonymous>)
	at processTicksAndRejections (internal/process/task_queues.js:94:5)
[2021-01-13 17:04:35.548] [exthost] [error] [vscode.typescript-language-features] provider FAILED
[2021-01-13 17:04:35.548] [exthost] [error] Error: DisposableStore is missing...
	at H._convertCompletionItem (/usr/lib/code/out/vs/workbench/services/extensions/node/extensionHostProcess.js:765:55)
	at H.resolveCompletionItem (/usr/lib/code/out/vs/workbench/services/extensions/node/extensionHostProcess.js:764:813)
	at runMicrotasks (<anonymous>)
	at processTicksAndRejections (internal/process/task_queues.js:94:5)
[2021-01-13 17:09:13.627] [exthost] [error] [vscode.typescript-language-features] provider FAILED
[2021-01-13 17:09:13.628] [exthost] [error] Error: DisposableStore is missing...
	at H._convertCompletionItem (/usr/lib/code/out/vs/workbench/services/extensions/node/extensionHostProcess.js:765:55)
	at H.resolveCompletionItem (/usr/lib/code/out/vs/workbench/services/extensions/node/extensionHostProcess.js:764:813)
	at runMicrotasks (<anonymous>)
	at processTicksAndRejections (internal/process/task_queues.js:94:5)
