[510961][1606953736766][main][info]["Booting Postman 7.36.0, linux-5.9.11-arch2-1 on x64"]
[510961][1606953736767][main][info]["EventBus~initialize - Success"]
[510961][1606953736769][main][warn]["CloudProxyManager~init: Error while reading proxy configuration from user data - ",{"errno":-2,"code":"ENOENT","syscall":"open","path":"/home/devin/.config/Postman/Postman_Config/proxy","name":"Error","message":"ENOENT: no such file or directory, open '/home/devin/.config/Postman/Postman_Config/proxy'","stack":"Error: ENOENT: no such file or directory, open '/home/devin/.config/Postman/Postman_Config/proxy'"}]
[510961][1606953736769][main][info]["CloudProxyManager~init - Success"]
[510961][1606953736772][main][info]["UpdateHandler~init - Success"]
[510961][1606953736949][main][info]["RuntimeIPCAgent~started: Success"]
[510961][1606953737079][main][info]["LinuxAutoUpdater~Cleanup - Initial cleanup successful"]
[510961][1606953737093][main][warn]["main~populateInstallationId: Failed to get installationId from appSettings but with no error"]
[510961][1606953737182][main][info]["Bootstrap-models~bootstrap - Success"]
[510961][1606953737252][main][info]["window-manager~newSharedWindow: Shell loaded"]
[510961][1606953739485][main][info]["Main~AppEvents - Received booted event for process shared"]
[510961][1606953741314][main][info]["UpdateHandler~app-update-events - Received event",{"name":"checkForElectronVersionUpdated","namespace":"appUpdate"}]
[510961][1606953741323][main][info]["Main~AppEvents - Received booted event for process requester"]
[510961][1606955048362][main][info]["WindowManager~closeHandler - Closed Window (id: 4 )"]
[510961][1606955048373][main][info]["Quitting app"]
[8036][1607248175534][main][info]["Booting Postman 7.36.0, linux-5.9.11-arch2-1 on x64"]
[8036][1607248175536][main][info]["EventBus~initialize - Success"]
[8036][1607248175537][main][warn]["CloudProxyManager~init: Error while reading proxy configuration from user data - ",{"errno":-2,"code":"ENOENT","syscall":"open","path":"/home/devin/.config/Postman/Postman_Config/proxy","name":"Error","message":"ENOENT: no such file or directory, open '/home/devin/.config/Postman/Postman_Config/proxy'","stack":"Error: ENOENT: no such file or directory, open '/home/devin/.config/Postman/Postman_Config/proxy'"}]
[8036][1607248175538][main][info]["CloudProxyManager~init - Success"]
[8036][1607248175541][main][info]["UpdateHandler~init - Success"]
[8036][1607248175742][main][info]["RuntimeIPCAgent~started: Success"]
[8036][1607248175909][main][info]["LinuxAutoUpdater~Cleanup - Initial cleanup successful"]
[8036][1607248175945][main][warn]["main~populateInstallationId: Failed to get installationId from appSettings but with no error"]
[8036][1607248176002][main][info]["Bootstrap-models~bootstrap - Success"]
[8036][1607248176130][main][info]["window-manager~newSharedWindow: Shell loaded"]
[8036][1607248178495][main][info]["Main~AppEvents - Received booted event for process shared"]
[8036][1607248180280][main][info]["UpdateHandler~app-update-events - Received event",{"name":"checkForElectronVersionUpdated","namespace":"appUpdate"}]
[8036][1607248180290][main][info]["Main~AppEvents - Received booted event for process requester"]
[8036][1607310908926][main][info]["WindowManager~closeHandler - Closed Window (id: 3 )"]
[8036][1607310908964][main][info]["Quitting app"]
[56340][1608606952632][main][info]["Booting Postman 7.36.0, linux-5.9.14-arch1-1 on x64"]
[56340][1608606952635][main][info]["EventBus~initialize - Success"]
[56340][1608606952637][main][warn]["CloudProxyManager~init: Error while reading proxy configuration from user data - ",{"errno":-2,"code":"ENOENT","syscall":"open","path":"/home/devin/.config/Postman/Postman_Config/proxy","name":"Error","message":"ENOENT: no such file or directory, open '/home/devin/.config/Postman/Postman_Config/proxy'","stack":"Error: ENOENT: no such file or directory, open '/home/devin/.config/Postman/Postman_Config/proxy'"}]
[56340][1608606952639][main][info]["CloudProxyManager~init - Success"]
[56340][1608606952646][main][info]["UpdateHandler~init - Success"]
[56340][1608606953223][main][info]["RuntimeIPCAgent~started: Success"]
[56340][1608606954030][main][info]["LinuxAutoUpdater~Cleanup - Initial cleanup successful"]
[56340][1608606954119][main][warn]["main~populateInstallationId: Failed to get installationId from appSettings but with no error"]
[56340][1608606954280][main][info]["Bootstrap-models~bootstrap - Success"]
[56340][1608606954892][main][info]["window-manager~newSharedWindow: Shell loaded"]
[56340][1608606960422][main][info]["Main~AppEvents - Received booted event for process shared"]
[56340][1608606965534][main][info]["UpdateHandler~app-update-events - Received event",{"name":"checkForElectronVersionUpdated","namespace":"appUpdate"}]
[56340][1608606965558][main][info]["Main~AppEvents - Received booted event for process requester"]
[56340][1608606974040][main][info]["WindowManager~closeHandler - Closed Window (id: 3 )"]
[56340][1608606974067][main][info]["Quitting app"]
[607548][1608682189301][main][info]["Booting Postman 7.36.0, linux-5.9.14-arch1-1 on x64"]
[607548][1608682189302][main][info]["EventBus~initialize - Success"]
[607548][1608682189304][main][warn]["CloudProxyManager~init: Error while reading proxy configuration from user data - ",{"errno":-2,"code":"ENOENT","syscall":"open","path":"/home/devin/.config/Postman/Postman_Config/proxy","name":"Error","message":"ENOENT: no such file or directory, open '/home/devin/.config/Postman/Postman_Config/proxy'","stack":"Error: ENOENT: no such file or directory, open '/home/devin/.config/Postman/Postman_Config/proxy'"}]
[607548][1608682189304][main][info]["CloudProxyManager~init - Success"]
[607548][1608682189308][main][info]["UpdateHandler~init - Success"]
[607548][1608682189489][main][info]["RuntimeIPCAgent~started: Success"]
[607548][1608682189733][main][info]["LinuxAutoUpdater~Cleanup - Initial cleanup successful"]
[607548][1608682189778][main][info]["Bootstrap-models~bootstrap - Success"]
[607548][1608682189972][main][info]["window-manager~newSharedWindow: Shell loaded"]
[607548][1608682192207][main][info]["Main~AppEvents - Received booted event for process shared"]
[607548][1608682194321][main][info]["UpdateHandler~app-update-events - Received event",{"name":"checkForElectronVersionUpdated","namespace":"appUpdate"}]
[607548][1608682194331][main][info]["Main~AppEvents - Received booted event for process requester"]
[607548][1608682205396][main][info]["UpdateHandler~app-update-events - Received event",{"data":{"additionalParamsString":"installationId=de8708fe-e084-4623-b46b-971c7f103a91&userId=0&syncEnabled=false&teamPlan=","appId":"de8708fe-e084-4623-b46b-971c7f103a91","arch":"64","channel":"stable","downloadURL":"https://dl.pstmn.io/download/version/7.36.1/linux_64","downloadVersion":"7.36.1","platform":"LINUX","updateServerDomain":"https://dl.pstmn.io/","userAgent":"Mozilla/5.0 (X11; Linux x86_64) AppleWebKit/537.36 (KHTML, like Gecko) Postman/7.36.0 Chrome/78.0.3904.130 Electron/7.3.2 Safari/537.36","userId":"0","version":"7.36.0"},"name":"updateElectron","namespace":"appUpdate"}]
[607548][1608682205396][main][info]["LinuxUpdater~downloadUpdate - UpdateInfo received",{"additionalParamsString":"installationId=de8708fe-e084-4623-b46b-971c7f103a91&userId=0&syncEnabled=false&teamPlan=","appId":"de8708fe-e084-4623-b46b-971c7f103a91","arch":"64","channel":"stable","downloadURL":"https://dl.pstmn.io/download/version/7.36.1/linux_64","downloadVersion":"7.36.1","platform":"LINUX","updateServerDomain":"https://dl.pstmn.io/","userAgent":"Mozilla/5.0 (X11; Linux x86_64) AppleWebKit/537.36 (KHTML, like Gecko) Postman/7.36.0 Chrome/78.0.3904.130 Electron/7.3.2 Safari/537.36","userId":"0","version":"7.36.0"}]
[607548][1608682205658][main][info]["@postman/app-updater: error",{"errno":-13,"code":"EACCES","syscall":"open","path":"/opt/postman/Postman-1608682205396.tar.gz","name":"Error","message":"EACCES: permission denied, open '/opt/postman/Postman-1608682205396.tar.gz'","stack":"Error: EACCES: permission denied, open '/opt/postman/Postman-1608682205396.tar.gz'"},{"packageName":"Postman","eID":"Postman-1608682205396","downloadURL":"https://dl.pstmn.io/download/version/7.36.1/linux_64","downloadDirectory":"/opt/postman","downloadInfo":{"status":"DOWNLOAD_ERROR","error":{"errno":-13,"code":"EACCES","syscall":"open","path":"/opt/postman/Postman-1608682205396.tar.gz"},"downloadDirectory":"/opt/postman"}}]
[607548][1608682205658][main][info]["UpdateHandler~app-update-events - Received event",{"name":"electronAppUpdateError","namespace":"appUpdate","data":{"error":{"errno":-13,"code":"EACCES","syscall":"open","path":"/opt/postman/Postman-1608682205396.tar.gz","name":"Error","message":"EACCES: permission denied, open '/opt/postman/Postman-1608682205396.tar.gz'","stack":"Error: EACCES: permission denied, open '/opt/postman/Postman-1608682205396.tar.gz'"},"updateData":{"packageName":"Postman","eID":"Postman-1608682205396","downloadURL":"https://dl.pstmn.io/download/version/7.36.1/linux_64","downloadDirectory":"/opt/postman","downloadInfo":{"status":"DOWNLOAD_ERROR","error":{"errno":-13,"code":"EACCES","syscall":"open","path":"/opt/postman/Postman-1608682205396.tar.gz"},"downloadDirectory":"/opt/postman"}}}}]
[607548][1608682360113][main][info]["WindowManager~closeHandler - Closed Window (id: 3 )"]
[607548][1608682360126][main][info]["Quitting app"]
[617938][1608683167920][main][info]["Booting Postman 7.36.0, linux-5.9.14-arch1-1 on x64"]
[617938][1608683167921][main][info]["EventBus~initialize - Success"]
[617938][1608683167923][main][warn]["CloudProxyManager~init: Error while reading proxy configuration from user data - ",{"errno":-2,"code":"ENOENT","syscall":"open","path":"/home/devin/.config/Postman/Postman_Config/proxy","name":"Error","message":"ENOENT: no such file or directory, open '/home/devin/.config/Postman/Postman_Config/proxy'","stack":"Error: ENOENT: no such file or directory, open '/home/devin/.config/Postman/Postman_Config/proxy'"}]
[617938][1608683167923][main][info]["CloudProxyManager~init - Success"]
[617938][1608683167926][main][info]["UpdateHandler~init - Success"]
[617938][1608683168090][main][info]["RuntimeIPCAgent~started: Success"]
[617938][1608683168215][main][info]["LinuxAutoUpdater~Cleanup - Initial cleanup successful"]
[617938][1608683168269][main][info]["Bootstrap-models~bootstrap - Success"]
[617938][1608683168486][main][info]["window-manager~newSharedWindow: Shell loaded"]
[617938][1608683171205][main][info]["Main~AppEvents - Received booted event for process shared"]
[617938][1608683173147][main][info]["UpdateHandler~app-update-events - Received event",{"name":"checkForElectronVersionUpdated","namespace":"appUpdate"}]
[617938][1608683173161][main][info]["Main~AppEvents - Received booted event for process requester"]
[617938][1608683183801][main][info]["UpdateHandler~app-update-events - Received event",{"data":{"additionalParamsString":"installationId=de8708fe-e084-4623-b46b-971c7f103a91&userId=0&syncEnabled=false&teamPlan=","appId":"de8708fe-e084-4623-b46b-971c7f103a91","arch":"64","channel":"stable","downloadURL":"https://dl.pstmn.io/download/version/7.36.1/linux_64","downloadVersion":"7.36.1","platform":"LINUX","updateServerDomain":"https://dl.pstmn.io/","userAgent":"Mozilla/5.0 (X11; Linux x86_64) AppleWebKit/537.36 (KHTML, like Gecko) Postman/7.36.0 Chrome/78.0.3904.130 Electron/7.3.2 Safari/537.36","userId":"0","version":"7.36.0"},"name":"updateElectron","namespace":"appUpdate"}]
[617938][1608683183801][main][info]["LinuxUpdater~downloadUpdate - UpdateInfo received",{"additionalParamsString":"installationId=de8708fe-e084-4623-b46b-971c7f103a91&userId=0&syncEnabled=false&teamPlan=","appId":"de8708fe-e084-4623-b46b-971c7f103a91","arch":"64","channel":"stable","downloadURL":"https://dl.pstmn.io/download/version/7.36.1/linux_64","downloadVersion":"7.36.1","platform":"LINUX","updateServerDomain":"https://dl.pstmn.io/","userAgent":"Mozilla/5.0 (X11; Linux x86_64) AppleWebKit/537.36 (KHTML, like Gecko) Postman/7.36.0 Chrome/78.0.3904.130 Electron/7.3.2 Safari/537.36","userId":"0","version":"7.36.0"}]
[617938][1608683184094][main][info]["@postman/app-updater: error",{"errno":-13,"code":"EACCES","syscall":"open","path":"/opt/postman/Postman-1608683183802.tar.gz","name":"Error","message":"EACCES: permission denied, open '/opt/postman/Postman-1608683183802.tar.gz'","stack":"Error: EACCES: permission denied, open '/opt/postman/Postman-1608683183802.tar.gz'"},{"packageName":"Postman","eID":"Postman-1608683183802","downloadURL":"https://dl.pstmn.io/download/version/7.36.1/linux_64","downloadDirectory":"/opt/postman","downloadInfo":{"status":"DOWNLOAD_ERROR","error":{"errno":-13,"code":"EACCES","syscall":"open","path":"/opt/postman/Postman-1608683183802.tar.gz"},"downloadDirectory":"/opt/postman"}}]
[617938][1608683184094][main][info]["UpdateHandler~app-update-events - Received event",{"name":"electronAppUpdateError","namespace":"appUpdate","data":{"error":{"errno":-13,"code":"EACCES","syscall":"open","path":"/opt/postman/Postman-1608683183802.tar.gz","name":"Error","message":"EACCES: permission denied, open '/opt/postman/Postman-1608683183802.tar.gz'","stack":"Error: EACCES: permission denied, open '/opt/postman/Postman-1608683183802.tar.gz'"},"updateData":{"packageName":"Postman","eID":"Postman-1608683183802","downloadURL":"https://dl.pstmn.io/download/version/7.36.1/linux_64","downloadDirectory":"/opt/postman","downloadInfo":{"status":"DOWNLOAD_ERROR","error":{"errno":-13,"code":"EACCES","syscall":"open","path":"/opt/postman/Postman-1608683183802.tar.gz"},"downloadDirectory":"/opt/postman"}}}}]
[617938][1608683890022][main][info]["WindowManager~closeHandler - Closed Window (id: 3 )"]
[617938][1608683890044][main][info]["Quitting app"]
[252964][1609995276835][main][info]["Booting Postman 7.36.1, linux-5.10.4-arch2-1 on x64"]
[252964][1609995276838][main][info]["EventBus~initialize - Success"]
[252964][1609995276840][main][warn]["CloudProxyManager~init: Error while reading proxy configuration from user data - ",{"errno":-2,"code":"ENOENT","syscall":"open","path":"/home/devin/.config/Postman/Postman_Config/proxy","name":"Error","message":"ENOENT: no such file or directory, open '/home/devin/.config/Postman/Postman_Config/proxy'","stack":"Error: ENOENT: no such file or directory, open '/home/devin/.config/Postman/Postman_Config/proxy'"}]
[252964][1609995276841][main][info]["CloudProxyManager~init - Success"]
[252964][1609995276845][main][info]["UpdateHandler~init - Success"]
[252964][1609995277055][main][info]["RuntimeIPCAgent~started: Success"]
[252964][1609995277244][main][info]["LinuxAutoUpdater~Cleanup - Initial cleanup successful"]
[252964][1609995277344][main][info]["Bootstrap-models~bootstrap - Success"]
[252964][1609995277416][main][info]["window-manager~newSharedWindow: Shell loaded"]
[252964][1609995279777][main][info]["Main~AppEvents - Received booted event for process shared"]
[252964][1609995281544][main][info]["UpdateHandler~app-update-events - Received event",{"name":"checkForElectronVersionUpdated","namespace":"appUpdate"}]
[252964][1609995281545][main][info]["@postman/app-updater: version Updated","7.36.0","7.36.1"]
[252964][1609995281545][main][info]["UpdateHandler~app-update-events - Received event",{"name":"electronVersionUpdated","namespace":"appUpdate","data":{"lastKnownVersion":"7.36.0","currentVersion":"7.36.1"}}]
[252964][1609995281554][main][info]["Main~AppEvents - Received booted event for process requester"]
[252964][1609998511213][main][info]["WindowManager~closeHandler - Closed Window (id: 3 )"]
[252964][1609998511237][main][info]["Quitting app"]
[2466402][1610745972793][main][info]["Booting Postman 7.36.1, linux-5.10.6-arch1-1 on x64"]
[2466402][1610745972795][main][info]["EventBus~initialize - Success"]
[2466402][1610745972797][main][warn]["CloudProxyManager~init: Error while reading proxy configuration from user data - ",{"errno":-2,"code":"ENOENT","syscall":"open","path":"/home/devin/.config/Postman/Postman_Config/proxy","name":"Error","message":"ENOENT: no such file or directory, open '/home/devin/.config/Postman/Postman_Config/proxy'","stack":"Error: ENOENT: no such file or directory, open '/home/devin/.config/Postman/Postman_Config/proxy'"}]
[2466402][1610745972798][main][info]["CloudProxyManager~init - Success"]
[2466402][1610745972801][main][info]["UpdateHandler~init - Success"]
[2466402][1610745973003][main][info]["RuntimeIPCAgent~started: Success"]
[2466402][1610745973211][main][info]["LinuxAutoUpdater~Cleanup - Initial cleanup successful"]
[2466402][1610745973279][main][info]["Bootstrap-models~bootstrap - Success"]
[2466402][1610745973372][main][info]["window-manager~newSharedWindow: Shell loaded"]
[2466402][1610745975821][main][info]["Main~AppEvents - Received booted event for process shared"]
[2466402][1610745977485][main][info]["UpdateHandler~app-update-events - Received event",{"name":"checkForElectronVersionUpdated","namespace":"appUpdate"}]
[2466402][1610745977496][main][info]["Main~AppEvents - Received booted event for process requester"]
[2466402][1610749314445][main][info]["WindowManager~closeHandler - Closed Window (id: 3 )"]
[2466402][1610749314469][main][info]["Quitting app"]
