[510961][1606953741214][requester][info]["EventBus~initialize - Success"]
[510961][1606953741216][requester][info]["Messaging~boot - Success"]
[510961][1606953741220][requester][info]["bootCrashReporter~ Success"]
[510961][1606953741221][requester][info]["Telemetry~boot - Success"]
[510961][1606953741221][requester][info]["bootConfigurations~initialize - Success"]
[510961][1606953741223][requester][info]["Settings~boot - Success"]
[510961][1606953741257][requester][info]["bootstrapModels - Success"]
[510961][1606953741258][requester][info]["WLModels~boot - Success"]
[510961][1606953741291][requester][info]["Session~boot - Success"]
[510961][1606953741292][requester][info]["IndependentServices~boot - Success"]
[510961][1606953741300][requester][info]["AppModels~boot - Success"]
[510961][1606953741302][requester][info]["DBWatcher~boot - Success"]
[510961][1606953741303][requester][info]["ThemeManager~boot - Success"]
[510961][1606953741303][requester][info]["Store~boot - Success"]
[510961][1606953741304][requester][info]["Shortcuts~boot - Success"]
[510961][1606953741305][requester][info]["SyncProxy~boot - Success"]
[510961][1606953741310][requester][info]["NewConsole~boot - Success"]
[510961][1606953741312][requester][info]["APIDevInterface~boot - Success"]
[510961][1606953741317][requester][info]["Requester~boot - Success"]
[510961][1606953741317][requester][info]["booted - requester"]
[510961][1606953741334][requester][warn]["CloudProxyHandler: Error while reading proxy configuration from user data - ",{"errno":-2,"code":"ENOENT","syscall":"open","path":"/home/devin/.config/Postman/Postman_Config/proxy","name":"Error","message":"ENOENT: no such file or directory, open '/home/devin/.config/Postman/Postman_Config/proxy'","stack":"Error: ENOENT: no such file or directory, open '/home/devin/.config/Postman/Postman_Config/proxy'"}]
[510961][1606953741807][requester][info]["SessionValidation - Registering listener"]
[510961][1606953741813][requester][warn]["FeatureFlagsStore~updateFlags: Could not find feature flags",{"error":{"message":"SyncRequestService\\x7erequestListener: Could not fetch from sync. Socket not connected."}}]
[8036][1607248180188][requester][info]["EventBus~initialize - Success"]
[8036][1607248180190][requester][info]["Messaging~boot - Success"]
[8036][1607248180195][requester][info]["bootCrashReporter~ Success"]
[8036][1607248180196][requester][info]["Telemetry~boot - Success"]
[8036][1607248180196][requester][info]["bootConfigurations~initialize - Success"]
[8036][1607248180201][requester][info]["Settings~boot - Success"]
[8036][1607248180235][requester][info]["bootstrapModels - Success"]
[8036][1607248180236][requester][info]["WLModels~boot - Success"]
[8036][1607248180255][requester][info]["Session~boot - Success"]
[8036][1607248180256][requester][info]["IndependentServices~boot - Success"]
[8036][1607248180264][requester][info]["AppModels~boot - Success"]
[8036][1607248180266][requester][info]["DBWatcher~boot - Success"]
[8036][1607248180267][requester][info]["ThemeManager~boot - Success"]
[8036][1607248180267][requester][info]["Store~boot - Success"]
[8036][1607248180269][requester][info]["Shortcuts~boot - Success"]
[8036][1607248180269][requester][info]["SyncProxy~boot - Success"]
[8036][1607248180277][requester][info]["NewConsole~boot - Success"]
[8036][1607248180279][requester][info]["APIDevInterface~boot - Success"]
[8036][1607248180284][requester][info]["Requester~boot - Success"]
[8036][1607248180284][requester][info]["booted - requester"]
[8036][1607248180301][requester][warn]["CloudProxyHandler: Error while reading proxy configuration from user data - ",{"errno":-2,"code":"ENOENT","syscall":"open","path":"/home/devin/.config/Postman/Postman_Config/proxy","name":"Error","message":"ENOENT: no such file or directory, open '/home/devin/.config/Postman/Postman_Config/proxy'","stack":"Error: ENOENT: no such file or directory, open '/home/devin/.config/Postman/Postman_Config/proxy'"}]
[8036][1607248181034][requester][info]["SessionValidation - Registering listener"]
[8036][1607248181041][requester][warn]["FeatureFlagsStore~updateFlags: Could not find feature flags",{"error":{"message":"SyncRequestService\\x7erequestListener: Could not fetch from sync. Socket not connected."}}]
[56340][1608606965156][requester][info]["EventBus~initialize - Success"]
[56340][1608606965159][requester][info]["Messaging~boot - Success"]
[56340][1608606965184][requester][info]["bootCrashReporter~ Success"]
[56340][1608606965187][requester][info]["Telemetry~boot - Success"]
[56340][1608606965189][requester][info]["bootConfigurations~initialize - Success"]
[56340][1608606965193][requester][info]["Settings~boot - Success"]
[56340][1608606965321][requester][info]["bootstrapModels - Success"]
[56340][1608606965322][requester][info]["WLModels~boot - Success"]
[56340][1608606965452][requester][info]["Session~boot - Success"]
[56340][1608606965464][requester][info]["IndependentServices~boot - Success"]
[56340][1608606965489][requester][info]["AppModels~boot - Success"]
[56340][1608606965497][requester][info]["DBWatcher~boot - Success"]
[56340][1608606965500][requester][info]["ThemeManager~boot - Success"]
[56340][1608606965501][requester][info]["Store~boot - Success"]
[56340][1608606965505][requester][info]["Shortcuts~boot - Success"]
[56340][1608606965506][requester][info]["SyncProxy~boot - Success"]
[56340][1608606965522][requester][info]["NewConsole~boot - Success"]
[56340][1608606965526][requester][info]["APIDevInterface~boot - Success"]
[56340][1608606965542][requester][info]["Requester~boot - Success"]
[56340][1608606965542][requester][info]["booted - requester"]
[56340][1608606965600][requester][warn]["CloudProxyHandler: Error while reading proxy configuration from user data - ",{"errno":-2,"code":"ENOENT","syscall":"open","path":"/home/devin/.config/Postman/Postman_Config/proxy","name":"Error","message":"ENOENT: no such file or directory, open '/home/devin/.config/Postman/Postman_Config/proxy'","stack":"Error: ENOENT: no such file or directory, open '/home/devin/.config/Postman/Postman_Config/proxy'"}]
[56340][1608606967234][requester][info]["SessionValidation - Registering listener"]
[56340][1608606967246][requester][warn]["FeatureFlagsStore~updateFlags: Could not find feature flags",{"error":{"message":"SyncRequestService\\x7erequestListener: Could not fetch from sync. Socket not connected."}}]
[607548][1608682194228][requester][info]["EventBus~initialize - Success"]
[607548][1608682194229][requester][info]["Messaging~boot - Success"]
[607548][1608682194234][requester][info]["bootCrashReporter~ Success"]
[607548][1608682194235][requester][info]["Telemetry~boot - Success"]
[607548][1608682194236][requester][info]["bootConfigurations~initialize - Success"]
[607548][1608682194241][requester][info]["Settings~boot - Success"]
[607548][1608682194272][requester][info]["bootstrapModels - Success"]
[607548][1608682194272][requester][info]["WLModels~boot - Success"]
[607548][1608682194296][requester][info]["Session~boot - Success"]
[607548][1608682194297][requester][info]["IndependentServices~boot - Success"]
[607548][1608682194306][requester][info]["AppModels~boot - Success"]
[607548][1608682194308][requester][info]["DBWatcher~boot - Success"]
[607548][1608682194309][requester][info]["ThemeManager~boot - Success"]
[607548][1608682194309][requester][info]["Store~boot - Success"]
[607548][1608682194310][requester][info]["Shortcuts~boot - Success"]
[607548][1608682194311][requester][info]["SyncProxy~boot - Success"]
[607548][1608682194317][requester][info]["NewConsole~boot - Success"]
[607548][1608682194320][requester][info]["APIDevInterface~boot - Success"]
[607548][1608682194325][requester][info]["Requester~boot - Success"]
[607548][1608682194325][requester][info]["booted - requester"]
[607548][1608682194344][requester][warn]["CloudProxyHandler: Error while reading proxy configuration from user data - ",{"errno":-2,"code":"ENOENT","syscall":"open","path":"/home/devin/.config/Postman/Postman_Config/proxy","name":"Error","message":"ENOENT: no such file or directory, open '/home/devin/.config/Postman/Postman_Config/proxy'","stack":"Error: ENOENT: no such file or directory, open '/home/devin/.config/Postman/Postman_Config/proxy'"}]
[607548][1608682195028][requester][info]["SessionValidation - Registering listener"]
[607548][1608682195034][requester][warn]["FeatureFlagsStore~updateFlags: Could not find feature flags",{"error":{"message":"SyncRequestService\\x7erequestListener: Could not fetch from sync. Socket not connected."}}]
[607548][1608682205662][requester][error]["Error in update flow: {\"code\":\"EACCES\",\"errno\":-13,\"message\":\"EACCES: permission denied, open '/opt/postman/Postman-1608682205396.tar.gz'\",\"name\":\"Error\",\"path\":\"/opt/postman/Postman-1608682205396.tar.gz\",\"stack\":\"Error: EACCES: permission denied, open '/opt/postman/Postman-1608682205396.tar.gz'\",\"syscall\":\"open\"}"]
[617938][1608683172994][requester][info]["EventBus~initialize - Success"]
[617938][1608683172995][requester][info]["Messaging~boot - Success"]
[617938][1608683173011][requester][info]["bootCrashReporter~ Success"]
[617938][1608683173012][requester][info]["Telemetry~boot - Success"]
[617938][1608683173013][requester][info]["bootConfigurations~initialize - Success"]
[617938][1608683173022][requester][info]["Settings~boot - Success"]
[617938][1608683173081][requester][info]["bootstrapModels - Success"]
[617938][1608683173082][requester][info]["WLModels~boot - Success"]
[617938][1608683173114][requester][info]["Session~boot - Success"]
[617938][1608683173115][requester][info]["IndependentServices~boot - Success"]
[617938][1608683173125][requester][info]["AppModels~boot - Success"]
[617938][1608683173127][requester][info]["DBWatcher~boot - Success"]
[617938][1608683173128][requester][info]["ThemeManager~boot - Success"]
[617938][1608683173129][requester][info]["Store~boot - Success"]
[617938][1608683173130][requester][info]["Shortcuts~boot - Success"]
[617938][1608683173130][requester][info]["SyncProxy~boot - Success"]
[617938][1608683173141][requester][info]["NewConsole~boot - Success"]
[617938][1608683173144][requester][info]["APIDevInterface~boot - Success"]
[617938][1608683173153][requester][info]["Requester~boot - Success"]
[617938][1608683173153][requester][info]["booted - requester"]
[617938][1608683173178][requester][warn]["CloudProxyHandler: Error while reading proxy configuration from user data - ",{"errno":-2,"code":"ENOENT","syscall":"open","path":"/home/devin/.config/Postman/Postman_Config/proxy","name":"Error","message":"ENOENT: no such file or directory, open '/home/devin/.config/Postman/Postman_Config/proxy'","stack":"Error: ENOENT: no such file or directory, open '/home/devin/.config/Postman/Postman_Config/proxy'"}]
[617938][1608683174031][requester][info]["SessionValidation - Registering listener"]
[617938][1608683174036][requester][warn]["FeatureFlagsStore~updateFlags: Could not find feature flags",{"error":{"message":"SyncRequestService\\x7erequestListener: Could not fetch from sync. Socket not connected."}}]
[617938][1608683184099][requester][error]["Error in update flow: {\"code\":\"EACCES\",\"errno\":-13,\"message\":\"EACCES: permission denied, open '/opt/postman/Postman-1608683183802.tar.gz'\",\"name\":\"Error\",\"path\":\"/opt/postman/Postman-1608683183802.tar.gz\",\"stack\":\"Error: EACCES: permission denied, open '/opt/postman/Postman-1608683183802.tar.gz'\",\"syscall\":\"open\"}"]
[252964][1609995281456][requester][info]["EventBus~initialize - Success"]
[252964][1609995281457][requester][info]["Messaging~boot - Success"]
[252964][1609995281462][requester][info]["bootCrashReporter~ Success"]
[252964][1609995281463][requester][info]["Telemetry~boot - Success"]
[252964][1609995281463][requester][info]["bootConfigurations~initialize - Success"]
[252964][1609995281465][requester][info]["Settings~boot - Success"]
[252964][1609995281500][requester][info]["bootstrapModels - Success"]
[252964][1609995281500][requester][info]["WLModels~boot - Success"]
[252964][1609995281519][requester][info]["Session~boot - Success"]
[252964][1609995281520][requester][info]["IndependentServices~boot - Success"]
[252964][1609995281528][requester][info]["AppModels~boot - Success"]
[252964][1609995281530][requester][info]["DBWatcher~boot - Success"]
[252964][1609995281531][requester][info]["ThemeManager~boot - Success"]
[252964][1609995281531][requester][info]["Store~boot - Success"]
[252964][1609995281533][requester][info]["Shortcuts~boot - Success"]
[252964][1609995281533][requester][info]["SyncProxy~boot - Success"]
[252964][1609995281541][requester][info]["NewConsole~boot - Success"]
[252964][1609995281543][requester][info]["APIDevInterface~boot - Success"]
[252964][1609995281547][requester][info]["Requester~boot - Success"]
[252964][1609995281548][requester][info]["booted - requester"]
[252964][1609995281566][requester][warn]["CloudProxyHandler: Error while reading proxy configuration from user data - ",{"errno":-2,"code":"ENOENT","syscall":"open","path":"/home/devin/.config/Postman/Postman_Config/proxy","name":"Error","message":"ENOENT: no such file or directory, open '/home/devin/.config/Postman/Postman_Config/proxy'","stack":"Error: ENOENT: no such file or directory, open '/home/devin/.config/Postman/Postman_Config/proxy'"}]
[252964][1609995282685][requester][info]["SessionValidation - Registering listener"]
[252964][1609995282692][requester][warn]["FeatureFlagsStore~updateFlags: Could not find feature flags",{"error":{"message":"SyncRequestService\\x7erequestListener: Could not fetch from sync. Socket not connected."}}]
[2466402][1610745977398][requester][info]["EventBus~initialize - Success"]
[2466402][1610745977399][requester][info]["Messaging~boot - Success"]
[2466402][1610745977404][requester][info]["bootCrashReporter~ Success"]
[2466402][1610745977405][requester][info]["Telemetry~boot - Success"]
[2466402][1610745977409][requester][info]["bootConfigurations~initialize - Success"]
[2466402][1610745977410][requester][info]["Settings~boot - Success"]
[2466402][1610745977443][requester][info]["bootstrapModels - Success"]
[2466402][1610745977443][requester][info]["WLModels~boot - Success"]
[2466402][1610745977460][requester][info]["Session~boot - Success"]
[2466402][1610745977461][requester][info]["IndependentServices~boot - Success"]
[2466402][1610745977470][requester][info]["AppModels~boot - Success"]
[2466402][1610745977472][requester][info]["DBWatcher~boot - Success"]
[2466402][1610745977474][requester][info]["ThemeManager~boot - Success"]
[2466402][1610745977474][requester][info]["Store~boot - Success"]
[2466402][1610745977475][requester][info]["Shortcuts~boot - Success"]
[2466402][1610745977476][requester][info]["SyncProxy~boot - Success"]
[2466402][1610745977482][requester][info]["NewConsole~boot - Success"]
[2466402][1610745977484][requester][info]["APIDevInterface~boot - Success"]
[2466402][1610745977491][requester][info]["Requester~boot - Success"]
[2466402][1610745977491][requester][info]["booted - requester"]
[2466402][1610745977509][requester][warn]["CloudProxyHandler: Error while reading proxy configuration from user data - ",{"errno":-2,"code":"ENOENT","syscall":"open","path":"/home/devin/.config/Postman/Postman_Config/proxy","name":"Error","message":"ENOENT: no such file or directory, open '/home/devin/.config/Postman/Postman_Config/proxy'","stack":"Error: ENOENT: no such file or directory, open '/home/devin/.config/Postman/Postman_Config/proxy'"}]
[2466402][1610745978366][requester][info]["SessionValidation - Registering listener"]
[2466402][1610745978375][requester][warn]["FeatureFlagsStore~updateFlags: Could not find feature flags",{"error":{"message":"SyncRequestService\\x7erequestListener: Could not fetch from sync. Socket not connected."}}]
