[510961][1606953737241][shell][info]["EventBus~initialize - Success"]
[510961][1606953737246][shell][info]["bootShellCrashReporter~ Success"]
[510961][1606953737247][shell][info]["shellController~init: Success"]
[510961][1606953737247][shell][info]["shellMeta~init: Success"]
[510961][1606953737270][shell][info]["init~setViewAttributes - Initializing view with opts:",{"devtools":false,"id":2,"startTime":1606953737000,"type":"shared","partitionId":"default"}]
[510961][1606953737271][shell][info]["init~setViewAttributes - Success"]
[510961][1606953739699][shell][info]["EventBus~initialize - Success"]
[510961][1606953739704][shell][info]["bootShellCrashReporter~ Success"]
[510961][1606953739705][shell][info]["shellController~init: Success"]
[510961][1606953739706][shell][info]["shellMeta~init: Success"]
[510961][1606953739714][shell][info]["init~setViewAttributes - Initializing view with opts:",{"allIds":[4],"devtools":false,"id":4,"primaryId":4,"startTime":1606953739535,"type":"requester","partitionId":"default"}]
[510961][1606953739715][shell][info]["init~setViewAttributes - Success"]
[8036][1607248176115][shell][info]["EventBus~initialize - Success"]
[8036][1607248176122][shell][info]["bootShellCrashReporter~ Success"]
[8036][1607248176124][shell][info]["shellController~init: Success"]
[8036][1607248176124][shell][info]["shellMeta~init: Success"]
[8036][1607248176141][shell][info]["init~setViewAttributes - Initializing view with opts:",{"devtools":false,"id":2,"startTime":1607248175811,"type":"shared","partitionId":"default"}]
[8036][1607248176142][shell][info]["init~setViewAttributes - Success"]
[8036][1607248178759][shell][info]["EventBus~initialize - Success"]
[8036][1607248178765][shell][info]["bootShellCrashReporter~ Success"]
[8036][1607248178766][shell][info]["shellController~init: Success"]
[8036][1607248178766][shell][info]["shellMeta~init: Success"]
[8036][1607248178775][shell][info]["init~setViewAttributes - Initializing view with opts:",{"allIds":[3],"devtools":false,"id":3,"primaryId":3,"startTime":1607248178526,"type":"requester","partitionId":"default"}]
[8036][1607248178776][shell][info]["init~setViewAttributes - Success"]
[56340][1608606954849][shell][info]["EventBus~initialize - Success"]
[56340][1608606954863][shell][info]["bootShellCrashReporter~ Success"]
[56340][1608606954866][shell][info]["shellController~init: Success"]
[56340][1608606954866][shell][info]["shellMeta~init: Success"]
[56340][1608606955019][shell][info]["init~setViewAttributes - Initializing view with opts:",{"devtools":false,"id":2,"startTime":1608606953721,"type":"shared","partitionId":"default"}]
[56340][1608606955021][shell][info]["init~setViewAttributes - Success"]
[56340][1608606961318][shell][info]["EventBus~initialize - Success"]
[56340][1608606961330][shell][info]["bootShellCrashReporter~ Success"]
[56340][1608606961332][shell][info]["shellController~init: Success"]
[56340][1608606961333][shell][info]["shellMeta~init: Success"]
[56340][1608606961360][shell][info]["init~setViewAttributes - Initializing view with opts:",{"allIds":[3],"devtools":false,"id":3,"primaryId":3,"startTime":1608606960701,"type":"requester","partitionId":"default"}]
[56340][1608606961362][shell][info]["init~setViewAttributes - Success"]
[607548][1608682189960][shell][info]["EventBus~initialize - Success"]
[607548][1608682189966][shell][info]["bootShellCrashReporter~ Success"]
[607548][1608682189967][shell][info]["shellController~init: Success"]
[607548][1608682189967][shell][info]["shellMeta~init: Success"]
[607548][1608682189982][shell][info]["init~setViewAttributes - Initializing view with opts:",{"devtools":false,"id":2,"startTime":1608682189582,"type":"shared","partitionId":"default"}]
[607548][1608682189983][shell][info]["init~setViewAttributes - Success"]
[607548][1608682192763][shell][info]["EventBus~initialize - Success"]
[607548][1608682192772][shell][info]["bootShellCrashReporter~ Success"]
[607548][1608682192773][shell][info]["shellController~init: Success"]
[607548][1608682192773][shell][info]["shellMeta~init: Success"]
[607548][1608682192785][shell][info]["init~setViewAttributes - Initializing view with opts:",{"allIds":[3],"devtools":false,"id":3,"primaryId":3,"startTime":1608682192285,"type":"requester","partitionId":"default"}]
[607548][1608682192787][shell][info]["init~setViewAttributes - Success"]
[617938][1608683168474][shell][info]["EventBus~initialize - Success"]
[617938][1608683168480][shell][info]["bootShellCrashReporter~ Success"]
[617938][1608683168481][shell][info]["shellController~init: Success"]
[617938][1608683168481][shell][info]["shellMeta~init: Success"]
[617938][1608683168499][shell][info]["init~setViewAttributes - Initializing view with opts:",{"devtools":false,"id":2,"startTime":1608683168181,"type":"shared","partitionId":"default"}]
[617938][1608683168500][shell][info]["init~setViewAttributes - Success"]
[617938][1608683171545][shell][info]["EventBus~initialize - Success"]
[617938][1608683171554][shell][info]["bootShellCrashReporter~ Success"]
[617938][1608683171555][shell][info]["shellController~init: Success"]
[617938][1608683171556][shell][info]["shellMeta~init: Success"]
[617938][1608683171567][shell][info]["init~setViewAttributes - Initializing view with opts:",{"allIds":[3],"devtools":false,"id":3,"primaryId":3,"startTime":1608683171269,"type":"requester","partitionId":"default"}]
[617938][1608683171569][shell][info]["init~setViewAttributes - Success"]
[252964][1609995277405][shell][info]["EventBus~initialize - Success"]
[252964][1609995277410][shell][info]["bootShellCrashReporter~ Success"]
[252964][1609995277411][shell][info]["shellController~init: Success"]
[252964][1609995277411][shell][info]["shellMeta~init: Success"]
[252964][1609995277450][shell][info]["init~setViewAttributes - Initializing view with opts:",{"devtools":false,"id":2,"startTime":1609995277194,"type":"shared","partitionId":"default"}]
[252964][1609995277451][shell][info]["init~setViewAttributes - Success"]
[252964][1609995280087][shell][info]["EventBus~initialize - Success"]
[252964][1609995280092][shell][info]["bootShellCrashReporter~ Success"]
[252964][1609995280094][shell][info]["shellController~init: Success"]
[252964][1609995280094][shell][info]["shellMeta~init: Success"]
[252964][1609995280104][shell][info]["init~setViewAttributes - Initializing view with opts:",{"allIds":[3],"devtools":false,"id":3,"primaryId":3,"startTime":1609995279821,"type":"requester","partitionId":"default"}]
[252964][1609995280106][shell][info]["init~setViewAttributes - Success"]
[2466402][1610745973359][shell][info]["EventBus~initialize - Success"]
[2466402][1610745973365][shell][info]["bootShellCrashReporter~ Success"]
[2466402][1610745973365][shell][info]["shellController~init: Success"]
[2466402][1610745973366][shell][info]["shellMeta~init: Success"]
[2466402][1610745973451][shell][info]["init~setViewAttributes - Initializing view with opts:",{"devtools":false,"id":2,"startTime":1610745973159,"type":"shared","partitionId":"default"}]
[2466402][1610745973452][shell][info]["init~setViewAttributes - Success"]
[2466402][1610745976149][shell][info]["EventBus~initialize - Success"]
[2466402][1610745976155][shell][info]["bootShellCrashReporter~ Success"]
[2466402][1610745976157][shell][info]["shellController~init: Success"]
[2466402][1610745976157][shell][info]["shellMeta~init: Success"]
[2466402][1610745976167][shell][info]["init~setViewAttributes - Initializing view with opts:",{"allIds":[3],"devtools":false,"id":3,"primaryId":3,"startTime":1610745975870,"type":"requester","partitionId":"default"}]
[2466402][1610745976167][shell][info]["init~setViewAttributes - Success"]
