   0.000 2019-10-23 18:35:35; Factorio 0.17.69 (build 47194, linux64, steam)
   0.067 Operating system: Linux (Arch rolling)
   0.067 Program arguments: "/home/devin/.local/share/Steam/steamapps/common/Factorio/bin/x64/factorio" 
   0.067 Read data path: /home/devin/.local/share/Steam/steamapps/common/Factorio/data
   0.067 Write data path: /home/devin/.factorio [35572/215522MB]
   0.067 Binaries path: /home/devin/.local/share/Steam/steamapps/common/Factorio/bin
   0.074 System info: [CPU: Intel(R) Core(TM) i7-8850H CPU @ 2.60GHz, 12 cores, RAM: 15626 MB]
   0.074 Environment: DISPLAY=:0 WAYLAND_DISPLAY=<unset> DESKTOP_SESSION=/usr/share/xsessions/i3-with-shmlog XDG_SESSION_DESKTOP= XDG_CURRENT_DESKTOP= __GL_FSAA_MODE=<unset> __GL_LOG_MAX_ANISO=<unset> __GL_SYNC_TO_VBLANK=<unset> __GL_SORT_FBCONFIGS=<unset> __GL_YIELD=<unset>
   0.074 Display options: [FullScreen: 1] [VSync: 1] [UIScale: automatic (100.0%)] [Native DPI: 1] [Screen: 255] [Special: lmw] [Lang: en]
   0.278 Available displays: 1
   0.278  [0]: 0 - {[0,0], 3840x2160, SDL_PIXELFORMAT_RGB888, 60Hz}
   0.461 Initialised OpenGL:[0] GeForce GTX 1050 Ti with Max-Q Design/PCIe/SSE2; driver: 3.3.0 NVIDIA 435.21
   0.461   [Extensions] s3tc:yes; KHR_debug:yes; ARB_clear_texture:yes, ARB_copy_image:yes
   0.461   [Version] 3.3
   0.461 Graphics settings preset: very-high
   0.461   Dedicated video memory size 4096 MB
   0.492 Graphics options: [Graphics quality: high] [Video memory usage: all] [Light scale: 25%] [DXT: high-quality] [Color: 32bit]
   0.492                   [Max threads (load/render): 32/12] [Max texture size: 0] [Tex.Stream.: 0] [Rotation quality: normal] [Other: STDC]
   0.582 Loading mod core 0.0.0 (data.lua)
   0.648 Loading mod base 0.17.69 (data.lua)
   0.826 Loading mod base 0.17.69 (data-updates.lua)
   0.917 Checksum for core: 2087614386
   0.917 Checksum of base: 1061071205
   1.076 Prototype list checksum: 3040646442
   1.100 Loading sounds...
   1.212 Info PlayerData.cpp:70: Local player-data.json unavailable
   1.212 Info PlayerData.cpp:73: Cloud player-data.json available, timestamp 1571801969
   1.301 Initial atlas bitmap size is 16384
   1.323 Created atlas bitmap 16384x16380 [none]
   1.327 Created atlas bitmap 16384x11616 [none]
   1.327 Created atlas bitmap 8192x3872 [decal]
   1.328 Created atlas bitmap 16384x4320 [low-object, linear-minification]
   1.328 Created atlas bitmap 8192x3744 [mipmap, linear-minification, linear-magnification, linear-mip-level]
   1.328 Created atlas bitmap 16384x7168 [terrain, mipmap, linear-minification, linear-mip-level]
   1.329 Created atlas bitmap 4096x1600 [smoke, mipmap, linear-minification, linear-magnification]
   1.329 Created atlas bitmap 4096x1744 [icon, not-compressed, mipmap, linear-minification, linear-magnification, linear-mip-level]
   1.329 Created atlas bitmap 2048x192 [icon-background, not-compressed, mipmap, linear-minification, linear-magnification, linear-mip-level, ]
   1.329 Created atlas bitmap 8192x1632 [alpha-mask]
   1.331 Created atlas bitmap 16384x12772 [shadow, linear-magnification, alpha-mask]
   1.331 Created atlas bitmap 8192x2352 [shadow, mipmap, linear-magnification, alpha-mask]
   1.341 Texture processor created (2048). GPU accelerated compression Supported: yes, Enabled: yes/yes. Test passed. YCoCgDXT PSNR: 35.83, BC3 PSNR: 33.82
   2.616 Parallel Sprite Loader initialized (threads: 11)
  11.867 Sprites loaded
  11.916 Generated mipmaps (4) for atlas [3] of size 16384x4320   
  11.922 Generated mipmaps (3) for atlas [4] of size 8192x3744   
  12.136 Generated mipmaps (3) for atlas [5] of size 16384x7168   
  12.150 Generated mipmaps (3) for atlas [6] of size 4096x1600   
  12.160 Generated mipmaps (5) for atlas [7] of size 4096x1744   
  12.161 Generated mipmaps (3) for atlas [11] of size 8192x2352   
  12.169 Custom mipmaps uploaded.
  12.295 Factorio initialised
  98.848 Loading map /home/devin/.factorio/saves/_autosave1.zip: 4355068 bytes.
  98.883 Loading level.dat: 11677854 bytes.
  98.888 Info Scenario.cpp:187: Map version 0.17.69-1
  99.061 Loading script.dat: 328 bytes.
  99.063 Checksum for script /home/devin/.factorio/temp/currently-playing/control.lua: 3265260072
 253.539 Info AppManager.cpp:287: Saving to _autosave3 (blocking).
 253.971 Info AppManagerStates.cpp:1793: Saving finished
 553.955 Info AppManager.cpp:287: Saving to _autosave1 (blocking).
 554.365 Info AppManagerStates.cpp:1793: Saving finished
 854.394 Info AppManager.cpp:287: Saving to _autosave2 (blocking).
 854.825 Info AppManagerStates.cpp:1793: Saving finished
1155.426 Info AppManager.cpp:287: Saving to _autosave3 (blocking).
1155.875 Info AppManagerStates.cpp:1793: Saving finished
1455.869 Info AppManager.cpp:287: Saving to _autosave1 (blocking).
1456.335 Info AppManagerStates.cpp:1793: Saving finished
1756.332 Info AppManager.cpp:287: Saving to _autosave2 (blocking).
1756.746 Info AppManagerStates.cpp:1793: Saving finished
2056.743 Info AppManager.cpp:287: Saving to _autosave3 (blocking).
2057.173 Info AppManagerStates.cpp:1793: Saving finished
2357.171 Info AppManager.cpp:287: Saving to _autosave1 (blocking).
2357.600 Info AppManagerStates.cpp:1793: Saving finished
2657.577 Info AppManager.cpp:287: Saving to _autosave2 (blocking).
2657.976 Info AppManagerStates.cpp:1793: Saving finished
2957.954 Info AppManager.cpp:287: Saving to _autosave3 (blocking).
2958.361 Info AppManagerStates.cpp:1793: Saving finished
3258.338 Info AppManager.cpp:287: Saving to _autosave1 (blocking).
3258.762 Info AppManagerStates.cpp:1793: Saving finished
3558.747 Info AppManager.cpp:287: Saving to _autosave2 (blocking).
3559.197 Info AppManagerStates.cpp:1793: Saving finished
3859.171 Info AppManager.cpp:287: Saving to _autosave3 (blocking).
3859.567 Info AppManagerStates.cpp:1793: Saving finished
4159.539 Info AppManager.cpp:287: Saving to _autosave1 (blocking).
4159.971 Info AppManagerStates.cpp:1793: Saving finished
4459.959 Info AppManager.cpp:287: Saving to _autosave2 (blocking).
4460.408 Info AppManagerStates.cpp:1793: Saving finished
4760.387 Info AppManager.cpp:287: Saving to _autosave3 (blocking).
4760.797 Info AppManagerStates.cpp:1793: Saving finished
5060.771 Info AppManager.cpp:287: Saving to _autosave1 (blocking).
5061.203 Info AppManagerStates.cpp:1793: Saving finished
5361.195 Info AppManager.cpp:287: Saving to _autosave2 (blocking).
5361.643 Info AppManagerStates.cpp:1793: Saving finished
5661.635 Info AppManager.cpp:287: Saving to _autosave3 (blocking).
5662.051 Info AppManagerStates.cpp:1793: Saving finished
5962.028 Info AppManager.cpp:287: Saving to _autosave1 (blocking).
5962.443 Info AppManagerStates.cpp:1793: Saving finished
6262.421 Info AppManager.cpp:287: Saving to _autosave2 (blocking).
6262.835 Info AppManagerStates.cpp:1793: Saving finished
6458.085 Info AppManagerStates.cpp:1793: Saving finished
6460.032 Quitting: user-quit.
6460.218 Steam API shutdown.
6460.225 Goodbye
